#
# There is insufficient memory for the Java Runtime Environment to continue.
# Native memory allocation (mmap) failed to map 165675008 bytes for committing reserved memory.
# Possible reasons:
#   The system is out of physical RAM or swap space
#   In 32 bit mode, the process size limit was hit
# Possible solutions:
#   Reduce memory load on the system
#   Increase physical memory or swap space
#   Check if swap backing store is full
#   Use 64 bit Java on a 64 bit OS
#   Decrease Java heap size (-Xmx/-Xms)
#   Decrease number of Java threads
#   Decrease Java thread stack sizes (-Xss)
#   Set larger code cache with -XX:ReservedCodeCacheSize=
# This output file may be truncated or incomplete.
#
#  Out of Memory Error (os_linux.cpp:2627), pid=6145, tid=0x00007ff818db6700
#
# JRE version: Java(TM) SE Runtime Environment (8.0_92-b14) (build 1.8.0_92-b14)
# Java VM: Java HotSpot(TM) 64-Bit Server VM (25.92-b14 mixed mode linux-amd64 compressed oops)
# Core dump written. Default location: /home/oli/Workspace/Android/pOT-Droid/pOT-Droid3/core or core.6145
#

---------------  T H R E A D  ---------------

Current thread (0x00007ff82c076800):  VMThread [stack: 0x00007ff818cb6000,0x00007ff818db7000] [id=6155]

Stack: [0x00007ff818cb6000,0x00007ff818db7000],  sp=0x00007ff818db50a0,  free space=1020k
Native frames: (J=compiled Java code, j=interpreted, Vv=VM code, C=native code)
V  [libjvm.so+0xabd65a]  VMError::report_and_die()+0x2ba
V  [libjvm.so+0x4fb4db]  report_vm_out_of_memory(char const*, int, unsigned long, VMErrorType, char const*)+0x8b
V  [libjvm.so+0x91d713]  os::Linux::commit_memory_impl(char*, unsigned long, bool)+0x103
V  [libjvm.so+0x91dc69]  os::pd_commit_memory(char*, unsigned long, unsigned long, bool)+0x29
V  [libjvm.so+0x917f6a]  os::commit_memory(char*, unsigned long, unsigned long, bool)+0x2a
V  [libjvm.so+0x98c343]  PSVirtualSpace::expand_by(unsigned long)+0x53
V  [libjvm.so+0x98d748]  PSYoungGen::resize_generation(unsigned long, unsigned long)+0xf8
V  [libjvm.so+0x98c8a2]  PSYoungGen::resize(unsigned long, unsigned long)+0x22
V  [libjvm.so+0x989b7b]  PSScavenge::invoke_no_policy()+0xf3b
V  [libjvm.so+0x98a301]  PSScavenge::invoke()+0x41
V  [libjvm.so+0x941410]  ParallelScavengeHeap::failed_mem_allocate(unsigned long)+0x70
V  [libjvm.so+0xabf077]  VM_ParallelGCFailedAllocation::doit()+0x97
V  [libjvm.so+0xac6aa5]  VM_Operation::evaluate()+0x55
V  [libjvm.so+0xac4e7a]  VMThread::evaluate_operation(VM_Operation*)+0xba
V  [libjvm.so+0xac51fe]  VMThread::loop()+0x1ce
V  [libjvm.so+0xac5670]  VMThread::run()+0x70
V  [libjvm.so+0x91fad8]  java_start(Thread*)+0x108

VM_Operation (0x00007ff7e3cfafe0): ParallelGCFailedAllocation, mode: safepoint, requested by thread 0x00007ff82c13e000


---------------  P R O C E S S  ---------------

Java Threads: ( => current thread )
  0x00007ff82c13e000 JavaThread "pool-2-thread-4" [_thread_blocked, id=6168, stack(0x00007ff7e3bfc000,0x00007ff7e3cfd000)]
  0x00007ff82c13c000 JavaThread "pool-2-thread-3" [_thread_blocked, id=6167, stack(0x00007ff7e3cfd000,0x00007ff7e3dfe000)]
  0x00007ff82c13b000 JavaThread "pool-2-thread-2" [_thread_blocked, id=6166, stack(0x00007ff7e3dfe000,0x00007ff7e3eff000)]
  0x00007ff82c139800 JavaThread "pool-3-thread-1" [_thread_blocked, id=6165, stack(0x00007ff7e3eff000,0x00007ff7e4000000)]
  0x00007ff82c137000 JavaThread "pool-2-thread-1" [_thread_blocked, id=6164, stack(0x00007ff818097000,0x00007ff818198000)]
  0x00007ff82c0bf000 JavaThread "Service Thread" daemon [_thread_blocked, id=6162, stack(0x00007ff818299000,0x00007ff81839a000)]
  0x00007ff82c0bc000 JavaThread "C1 CompilerThread2" daemon [_thread_blocked, id=6161, stack(0x00007ff81839a000,0x00007ff81849b000)]
  0x00007ff82c0ba000 JavaThread "C2 CompilerThread1" daemon [_thread_blocked, id=6160, stack(0x00007ff81849b000,0x00007ff81859c000)]
  0x00007ff82c0b7800 JavaThread "C2 CompilerThread0" daemon [_thread_in_native, id=6159, stack(0x00007ff81859c000,0x00007ff81869d000)]
  0x00007ff82c0b6000 JavaThread "Signal Dispatcher" daemon [_thread_blocked, id=6158, stack(0x00007ff81869d000,0x00007ff81879e000)]
  0x00007ff82c082800 JavaThread "Finalizer" daemon [_thread_blocked, id=6157, stack(0x00007ff818ab4000,0x00007ff818bb5000)]
  0x00007ff82c07e000 JavaThread "Reference Handler" daemon [_thread_blocked, id=6156, stack(0x00007ff818bb5000,0x00007ff818cb6000)]
  0x00007ff82c008800 JavaThread "main" [_thread_blocked, id=6147, stack(0x00007ff832d06000,0x00007ff832e07000)]

Other Threads:
=>0x00007ff82c076800 VMThread [stack: 0x00007ff818cb6000,0x00007ff818db7000] [id=6155]
  0x00007ff82c0c1800 WatcherThread [stack: 0x00007ff818198000,0x00007ff818299000] [id=6163]

VM state:at safepoint (normal execution)

VM Mutex/Monitor currently owned by a thread:  ([mutex/lock_event])
[0x00007ff82c006500] Threads_lock - owner thread: 0x00007ff82c076800
[0x00007ff82c006a00] Heap_lock - owner thread: 0x00007ff82c13e000

Heap:
 PSYoungGen      total 128000K, used 5103K [0x00000000eab00000, 0x00000000f2d00000, 0x0000000100000000)
  eden space 122880K, 0% used [0x00000000eab00000,0x00000000eab00000,0x00000000f2300000)
  from space 5120K, 99% used [0x00000000f2300000,0x00000000f27fbe68,0x00000000f2800000)
  to   space 5120K, 0% used [0x00000000f2800000,0x00000000f2800000,0x00000000f2d00000)
 ParOldGen       total 81920K, used 39312K [0x00000000c0000000, 0x00000000c5000000, 0x00000000eab00000)
  object space 81920K, 47% used [0x00000000c0000000,0x00000000c2664340,0x00000000c5000000)
 Metaspace       used 6147K, capacity 7064K, committed 7424K, reserved 1056768K
  class space    used 613K, capacity 656K, committed 768K, reserved 1048576K

Card table byte_map: [0x00007ff81cdff000,0x00007ff81d000000] byte_map_base: 0x00007ff81c7ff000

Marking Bits: (ParMarkBitMap*) 0x00007ff8322254c0
 Begin Bits: [0x00007ff81a9a6000, 0x00007ff81b9a6000)
 End Bits:   [0x00007ff81b9a6000, 0x00007ff81c9a6000)

Polling page: 0x00007ff832e4b000

CodeCache: size=245760Kb used=6008Kb max_used=6008Kb free=239751Kb
 bounds [0x00007ff81d000000, 0x00007ff81d5f0000, 0x00007ff82c000000]
 total_blobs=1749 nmethods=1481 adapters=182
 compilation: enabled

Compilation events (10 events):
Event: 3.098 Thread 0x00007ff82c0bc000 nmethod 1716 0x00007ff81d5d0e10 code [0x00007ff81d5d1400, 0x00007ff81d5d3978]
Event: 3.098 Thread 0x00007ff82c0bc000 1724       3       com.android.dx.cf.code.BasicBlocker::getBlockList (208 bytes)
Event: 3.105 Thread 0x00007ff82c0bc000 nmethod 1724 0x00007ff81d5d8050 code [0x00007ff81d5d82e0, 0x00007ff81d5d9508]
Event: 3.105 Thread 0x00007ff82c0bc000 1725       3       com.android.dx.ssa.back.LivenessAnalyzer::coInterferePhis (128 bytes)
Event: 3.106 Thread 0x00007ff82c0bc000 nmethod 1725 0x00007ff81d5d9f90 code [0x00007ff81d5da220, 0x00007ff81d5db4d8]
Event: 3.106 Thread 0x00007ff82c0bc000 1730       3       com.android.dx.util.FixedSizeList::shrinkToFit (103 bytes)
Event: 3.106 Thread 0x00007ff82c0bc000 nmethod 1730 0x00007ff81d5dbed0 code [0x00007ff81d5dc0a0, 0x00007ff81d5dc928]
Event: 3.106 Thread 0x00007ff82c0bc000 1726 %     3       com.android.dx.ssa.ConstCollector::updateConstUses @ 20 (248 bytes)
Event: 3.107 Thread 0x00007ff82c0bc000 nmethod 1726% 0x00007ff81d5dcc90 code [0x00007ff81d5dd040, 0x00007ff81d5df618]
Event: 3.107 Thread 0x00007ff82c0bc000 1728       3       com.android.dx.ssa.SsaMethod::convertRopToSsaBlocks (103 bytes)

GC Heap History (9 events):
Event: 1.045 GC heap before
{Heap before GC invocations=1 (full 0):
 PSYoungGen      total 35840K, used 30720K [0x00000000eab00000, 0x00000000ed300000, 0x0000000100000000)
  eden space 30720K, 100% used [0x00000000eab00000,0x00000000ec900000,0x00000000ec900000)
  from space 5120K, 0% used [0x00000000ece00000,0x00000000ece00000,0x00000000ed300000)
  to   space 5120K, 0% used [0x00000000ec900000,0x00000000ec900000,0x00000000ece00000)
 ParOldGen       total 81920K, used 0K [0x00000000c0000000, 0x00000000c5000000, 0x00000000eab00000)
  object space 81920K, 0% used [0x00000000c0000000,0x00000000c0000000,0x00000000c5000000)
 Metaspace       used 5750K, capacity 6768K, committed 7040K, reserved 1056768K
  class space    used 592K, capacity 616K, committed 640K, reserved 1048576K
Event: 1.059 GC heap after
Heap after GC invocations=1 (full 0):
 PSYoungGen      total 35840K, used 5108K [0x00000000eab00000, 0x00000000ef100000, 0x0000000100000000)
  eden space 30720K, 0% used [0x00000000eab00000,0x00000000eab00000,0x00000000ec900000)
  from space 5120K, 99% used [0x00000000ec900000,0x00000000ecdfd2c0,0x00000000ece00000)
  to   space 5120K, 0% used [0x00000000eec00000,0x00000000eec00000,0x00000000ef100000)
 ParOldGen       total 81920K, used 739K [0x00000000c0000000, 0x00000000c5000000, 0x00000000eab00000)
  object space 81920K, 0% used [0x00000000c0000000,0x00000000c00b8cd8,0x00000000c5000000)
 Metaspace       used 5750K, capacity 6768K, committed 7040K, reserved 1056768K
  class space    used 592K, capacity 616K, committed 640K, reserved 1048576K
}
Event: 1.405 GC heap before
{Heap before GC invocations=2 (full 0):
 PSYoungGen      total 35840K, used 35828K [0x00000000eab00000, 0x00000000ef100000, 0x0000000100000000)
  eden space 30720K, 100% used [0x00000000eab00000,0x00000000ec900000,0x00000000ec900000)
  from space 5120K, 99% used [0x00000000ec900000,0x00000000ecdfd2c0,0x00000000ece00000)
  to   space 5120K, 0% used [0x00000000eec00000,0x00000000eec00000,0x00000000ef100000)
 ParOldGen       total 81920K, used 739K [0x00000000c0000000, 0x00000000c5000000, 0x00000000eab00000)
  object space 81920K, 0% used [0x00000000c0000000,0x00000000c00b8cd8,0x00000000c5000000)
 Metaspace       used 5832K, capacity 6832K, committed 7040K, reserved 1056768K
  class space    used 593K, capacity 616K, committed 640K, reserved 1048576K
Event: 1.420 GC heap after
Heap after GC invocations=2 (full 0):
 PSYoungGen      total 66560K, used 5111K [0x00000000eab00000, 0x00000000ef100000, 0x0000000100000000)
  eden space 61440K, 0% used [0x00000000eab00000,0x00000000eab00000,0x00000000ee700000)
  from space 5120K, 99% used [0x00000000eec00000,0x00000000ef0fde20,0x00000000ef100000)
  to   space 5120K, 0% used [0x00000000ee700000,0x00000000ee700000,0x00000000eec00000)
 ParOldGen       total 81920K, used 4477K [0x00000000c0000000, 0x00000000c5000000, 0x00000000eab00000)
  object space 81920K, 5% used [0x00000000c0000000,0x00000000c045f780,0x00000000c5000000)
 Metaspace       used 5832K, capacity 6832K, committed 7040K, reserved 1056768K
  class space    used 593K, capacity 616K, committed 640K, reserved 1048576K
}
Event: 1.814 GC heap before
{Heap before GC invocations=3 (full 0):
 PSYoungGen      total 66560K, used 66551K [0x00000000eab00000, 0x00000000ef100000, 0x0000000100000000)
  eden space 61440K, 100% used [0x00000000eab00000,0x00000000ee700000,0x00000000ee700000)
  from space 5120K, 99% used [0x00000000eec00000,0x00000000ef0fde20,0x00000000ef100000)
  to   space 5120K, 0% used [0x00000000ee700000,0x00000000ee700000,0x00000000eec00000)
 ParOldGen       total 81920K, used 4477K [0x00000000c0000000, 0x00000000c5000000, 0x00000000eab00000)
  object space 81920K, 5% used [0x00000000c0000000,0x00000000c045f780,0x00000000c5000000)
 Metaspace       used 5881K, capacity 6832K, committed 7040K, reserved 1056768K
  class space    used 593K, capacity 616K, committed 640K, reserved 1048576K
Event: 1.843 GC heap after
Heap after GC invocations=3 (full 0):
 PSYoungGen      total 66560K, used 5112K [0x00000000eab00000, 0x00000000f2d00000, 0x0000000100000000)
  eden space 61440K, 0% used [0x00000000eab00000,0x00000000eab00000,0x00000000ee700000)
  from space 5120K, 99% used [0x00000000ee700000,0x00000000eebfe180,0x00000000eec00000)
  to   space 5120K, 0% used [0x00000000f2800000,0x00000000f2800000,0x00000000f2d00000)
 ParOldGen       total 81920K, used 13036K [0x00000000c0000000, 0x00000000c5000000, 0x00000000eab00000)
  object space 81920K, 15% used [0x00000000c0000000,0x00000000c0cbb130,0x00000000c5000000)
 Metaspace       used 5881K, capacity 6832K, committed 7040K, reserved 1056768K
  class space    used 593K, capacity 616K, committed 640K, reserved 1048576K
}
Event: 2.287 GC heap before
{Heap before GC invocations=4 (full 0):
 PSYoungGen      total 66560K, used 66552K [0x00000000eab00000, 0x00000000f2d00000, 0x0000000100000000)
  eden space 61440K, 100% used [0x00000000eab00000,0x00000000ee700000,0x00000000ee700000)
  from space 5120K, 99% used [0x00000000ee700000,0x00000000eebfe180,0x00000000eec00000)
  to   space 5120K, 0% used [0x00000000f2800000,0x00000000f2800000,0x00000000f2d00000)
 ParOldGen       total 81920K, used 13036K [0x00000000c0000000, 0x00000000c5000000, 0x00000000eab00000)
  object space 81920K, 15% used [0x00000000c0000000,0x00000000c0cbb130,0x00000000c5000000)
 Metaspace       used 6066K, capacity 7000K, committed 7168K, reserved 1056768K
  class space    used 613K, capacity 656K, committed 768K, reserved 1048576K
Event: 2.363 GC heap after
Heap after GC invocations=4 (full 0):
 PSYoungGen      total 128000K, used 5090K [0x00000000eab00000, 0x00000000f2d00000, 0x0000000100000000)
  eden space 122880K, 0% used [0x00000000eab00000,0x00000000eab00000,0x00000000f2300000)
  from space 5120K, 99% used [0x00000000f2800000,0x00000000f2cf88c0,0x00000000f2d00000)
  to   space 5120K, 0% used [0x00000000f2300000,0x00000000f2300000,0x00000000f2800000)
 ParOldGen       total 81920K, used 22219K [0x00000000c0000000, 0x00000000c5000000, 0x00000000eab00000)
  object space 81920K, 27% used [0x00000000c0000000,0x00000000c15b2ec0,0x00000000c5000000)
 Metaspace       used 6066K, capacity 7000K, committed 7168K, reserved 1056768K
  class space    used 613K, capacity 656K, committed 768K, reserved 1048576K
}
Event: 3.123 GC heap before
{Heap before GC invocations=5 (full 0):
 PSYoungGen      total 128000K, used 127970K [0x00000000eab00000, 0x00000000f2d00000, 0x0000000100000000)
  eden space 122880K, 100% used [0x00000000eab00000,0x00000000f2300000,0x00000000f2300000)
  from space 5120K, 99% used [0x00000000f2800000,0x00000000f2cf88c0,0x00000000f2d00000)
  to   space 5120K, 0% used [0x00000000f2300000,0x00000000f2300000,0x00000000f2800000)
 ParOldGen       total 81920K, used 22219K [0x00000000c0000000, 0x00000000c5000000, 0x00000000eab00000)
  object space 81920K, 27% used [0x00000000c0000000,0x00000000c15b2ec0,0x00000000c5000000)
 Metaspace       used 6147K, capacity 7064K, committed 7424K, reserved 1056768K
  class space    used 613K, capacity 656K, committed 768K, reserved 1048576K

Deoptimization events (10 events):
Event: 1.228 Thread 0x00007ff82c13b000 Uncommon trap: reason=null_check action=make_not_entrant pc=0x00007ff81d2a71b8 method=com.android.dx.ssa.SsaRenamer.getLocalForNewReg(I)Lcom/android/dx/rop/code/LocalItem; @ 19
Event: 1.232 Thread 0x00007ff82c008800 Uncommon trap: reason=unstable_if action=reinterpret pc=0x00007ff81d1f0f80 method=java.lang.String.<init>([CII)V @ 18
Event: 1.381 Thread 0x00007ff82c008800 Uncommon trap: reason=bimorphic action=maybe_recompile pc=0x00007ff81d1fa098 method=java.util.HashMap.getNode(ILjava/lang/Object;)Ljava/util/HashMap$Node; @ 126
Event: 1.425 Thread 0x00007ff82c137000 Uncommon trap: reason=unstable_if action=reinterpret pc=0x00007ff81d293d1c method=com.android.dx.rop.cst.Constant.compareTo(Lcom/android/dx/rop/cst/Constant;)I @ 12
Event: 1.479 Thread 0x00007ff82c13b000 Uncommon trap: reason=bimorphic action=maybe_recompile pc=0x00007ff81d1fa098 method=java.util.HashMap.getNode(ILjava/lang/Object;)Ljava/util/HashMap$Node; @ 126
Event: 1.757 Thread 0x00007ff82c137000 Uncommon trap: reason=unstable_if action=reinterpret pc=0x00007ff81d3aa23c method=com.android.dx.ssa.SsaMethod.updateOneDefinition(Lcom/android/dx/ssa/SsaInsn;Lcom/android/dx/rop/code/RegisterSpec;)V @ 4
Event: 2.258 Thread 0x00007ff82c008800 Uncommon trap: reason=unstable_if action=reinterpret pc=0x00007ff81d298cbc method=java.util.HashMap.putVal(ILjava/lang/Object;Ljava/lang/Object;ZZ)Ljava/lang/Object; @ 162
Event: 2.372 Thread 0x00007ff82c008800 Uncommon trap: reason=unstable_if action=reinterpret pc=0x00007ff81d21d2f4 method=java.util.HashMap.getNode(ILjava/lang/Object;)Ljava/util/HashMap$Node; @ 84
Event: 2.477 Thread 0x00007ff82c137000 Uncommon trap: reason=unstable_if action=reinterpret pc=0x00007ff81d427474 method=java.util.HashMap.putVal(ILjava/lang/Object;Ljava/lang/Object;ZZ)Ljava/lang/Object; @ 162
Event: 2.862 Thread 0x00007ff82c137000 Uncommon trap: reason=unstable_if action=reinterpret pc=0x00007ff81d3a9608 method=com.android.dx.dex.code.OutputFinisher.hasLocalInfo(Lcom/android/dx/dex/code/DalvInsn;)Z @ 24

Internal exceptions (6 events):
Event: 0.026 Thread 0x00007ff82c008800 Exception <a 'java/lang/NoSuchMethodError': Method sun.misc.Unsafe.defineClass(Ljava/lang/String;[BII)Ljava/lang/Class; name or signature does not match> (0x00000000eab07cc0) thrown at [/HUDSON/workspace/8-2-build-linux-amd64/jdk8u92/6642/hotspot/src/shar
Event: 0.026 Thread 0x00007ff82c008800 Exception <a 'java/lang/NoSuchMethodError': Method sun.misc.Unsafe.prefetchRead(Ljava/lang/Object;J)V name or signature does not match> (0x00000000eab07fa8) thrown at [/HUDSON/workspace/8-2-build-linux-amd64/jdk8u92/6642/hotspot/src/share/vm/prims/jni.cpp
Event: 1.228 Thread 0x00007ff82c13b000 Implicit null exception at 0x00007ff81d2a40fd to 0x00007ff81d2a7175
Event: 2.262 Thread 0x00007ff82c008800 Exception <a 'java/lang/ArrayIndexOutOfBoundsException': 18> (0x00000000ee3c83e8) thrown at [/HUDSON/workspace/8-2-build-linux-amd64/jdk8u92/6642/hotspot/src/share/vm/interpreter/interpreterRuntime.cpp, line 366]
Event: 2.262 Thread 0x00007ff82c008800 Exception <a 'java/lang/ArrayIndexOutOfBoundsException': 145> (0x00000000ee3c9f68) thrown at [/HUDSON/workspace/8-2-build-linux-amd64/jdk8u92/6642/hotspot/src/share/vm/interpreter/interpreterRuntime.cpp, line 366]
Event: 2.268 Thread 0x00007ff82c008800 Exception <a 'java/lang/ArrayIndexOutOfBoundsException': 40> (0x00000000ee3cb250) thrown at [/HUDSON/workspace/8-2-build-linux-amd64/jdk8u92/6642/hotspot/src/share/vm/interpreter/interpreterRuntime.cpp, line 366]

Events (10 events):
Event: 3.087 Thread 0x00007ff82c13e000 DEOPT UNPACKING pc=0x00007ff81d047633 sp=0x00007ff7e3cfaf30 mode 0
Event: 3.087 Thread 0x00007ff82c13b000 DEOPT PACKING pc=0x00007ff81d47aed4 sp=0x00007ff7e3efce50
Event: 3.087 Thread 0x00007ff82c13b000 DEOPT UNPACKING pc=0x00007ff81d047633 sp=0x00007ff7e3efcc00 mode 0
Event: 3.088 Thread 0x00007ff82c13e000 DEOPT PACKING pc=0x00007ff81d45e9b7 sp=0x00007ff7e3cfb090
Event: 3.088 Thread 0x00007ff82c13e000 DEOPT UNPACKING pc=0x00007ff81d047633 sp=0x00007ff7e3cfaec0 mode 0
Event: 3.092 Thread 0x00007ff82c137000 DEOPT PACKING pc=0x00007ff81d4cc7c1 sp=0x00007ff818195fa0
Event: 3.092 Thread 0x00007ff82c137000 DEOPT UNPACKING pc=0x00007ff81d047633 sp=0x00007ff818195d90 mode 0
Event: 3.103 Thread 0x00007ff82c13e000 DEOPT PACKING pc=0x00007ff81d4d101c sp=0x00007ff7e3cfb170
Event: 3.103 Thread 0x00007ff82c13e000 DEOPT UNPACKING pc=0x00007ff81d047633 sp=0x00007ff7e3cfaeb8 mode 0
Event: 3.110 Executing VM operation: ParallelGCFailedAllocation


Dynamic libraries:
00400000-00401000 r-xp 00000000 fe:00 3680441                            /usr/lib/jvm/java-8-jdk/jre/bin/java
00600000-00601000 rw-p 00000000 fe:00 3680441                            /usr/lib/jvm/java-8-jdk/jre/bin/java
02305000-02326000 rw-p 00000000 00:00 0                                  [heap]
c0000000-c5000000 rw-p 00000000 00:00 0 
c5000000-eab00000 ---p 00000000 00:00 0 
eab00000-f2d00000 rw-p 00000000 00:00 0 
fcb00000-100000000 ---p 00000000 00:00 0 
100000000-1000c0000 rw-p 00000000 00:00 0 
1000c0000-140000000 ---p 00000000 00:00 0 
7ff7cc000000-7ff7cc043000 rw-p 00000000 00:00 0 
7ff7cc043000-7ff7d0000000 ---p 00000000 00:00 0 
7ff7d0000000-7ff7d0021000 rw-p 00000000 00:00 0 
7ff7d0021000-7ff7d4000000 ---p 00000000 00:00 0 
7ff7d4000000-7ff7d4021000 rw-p 00000000 00:00 0 
7ff7d4021000-7ff7d8000000 ---p 00000000 00:00 0 
7ff7d8000000-7ff7d8021000 rw-p 00000000 00:00 0 
7ff7d8021000-7ff7dc000000 ---p 00000000 00:00 0 
7ff7dc000000-7ff7dc028000 rw-p 00000000 00:00 0 
7ff7dc028000-7ff7e0000000 ---p 00000000 00:00 0 
7ff7e3bfc000-7ff7e3bff000 ---p 00000000 00:00 0 
7ff7e3bff000-7ff7e3cfd000 rw-p 00000000 00:00 0 
7ff7e3cfd000-7ff7e3d00000 ---p 00000000 00:00 0 
7ff7e3d00000-7ff7e3dfe000 rw-p 00000000 00:00 0 
7ff7e3dfe000-7ff7e3e01000 ---p 00000000 00:00 0 
7ff7e3e01000-7ff7e3eff000 rw-p 00000000 00:00 0 
7ff7e3eff000-7ff7e3f02000 ---p 00000000 00:00 0 
7ff7e3f02000-7ff7e4000000 rw-p 00000000 00:00 0 
7ff7e4000000-7ff7e4021000 rw-p 00000000 00:00 0 
7ff7e4021000-7ff7e8000000 ---p 00000000 00:00 0 
7ff7e8000000-7ff7e8021000 rw-p 00000000 00:00 0 
7ff7e8021000-7ff7ec000000 ---p 00000000 00:00 0 
7ff7ec000000-7ff7ec605000 rw-p 00000000 00:00 0 
7ff7ec605000-7ff7f0000000 ---p 00000000 00:00 0 
7ff7f0000000-7ff7f09dd000 rw-p 00000000 00:00 0 
7ff7f09dd000-7ff7f4000000 ---p 00000000 00:00 0 
7ff7f4000000-7ff7f4021000 rw-p 00000000 00:00 0 
7ff7f4021000-7ff7f8000000 ---p 00000000 00:00 0 
7ff7f8000000-7ff7f8b31000 rw-p 00000000 00:00 0 
7ff7f8b31000-7ff7fc000000 ---p 00000000 00:00 0 
7ff7fc000000-7ff7fc021000 rw-p 00000000 00:00 0 
7ff7fc021000-7ff800000000 ---p 00000000 00:00 0 
7ff800000000-7ff800021000 rw-p 00000000 00:00 0 
7ff800021000-7ff804000000 ---p 00000000 00:00 0 
7ff804000000-7ff804021000 rw-p 00000000 00:00 0 
7ff804021000-7ff808000000 ---p 00000000 00:00 0 
7ff808000000-7ff80828e000 rw-p 00000000 00:00 0 
7ff80828e000-7ff80c000000 ---p 00000000 00:00 0 
7ff80c000000-7ff80c021000 rw-p 00000000 00:00 0 
7ff80c021000-7ff810000000 ---p 00000000 00:00 0 
7ff810000000-7ff810021000 rw-p 00000000 00:00 0 
7ff810021000-7ff814000000 ---p 00000000 00:00 0 
7ff814000000-7ff814021000 rw-p 00000000 00:00 0 
7ff814021000-7ff818000000 ---p 00000000 00:00 0 
7ff818097000-7ff81809a000 ---p 00000000 00:00 0 
7ff81809a000-7ff818198000 rw-p 00000000 00:00 0 
7ff818198000-7ff818199000 ---p 00000000 00:00 0 
7ff818199000-7ff818299000 rw-p 00000000 00:00 0 
7ff818299000-7ff81829c000 ---p 00000000 00:00 0 
7ff81829c000-7ff81839a000 rw-p 00000000 00:00 0 
7ff81839a000-7ff81839d000 ---p 00000000 00:00 0 
7ff81839d000-7ff81849b000 rw-p 00000000 00:00 0 
7ff81849b000-7ff81849e000 ---p 00000000 00:00 0 
7ff81849e000-7ff81859c000 rw-p 00000000 00:00 0 
7ff81859c000-7ff81859f000 ---p 00000000 00:00 0 
7ff81859f000-7ff81869d000 rw-p 00000000 00:00 0 
7ff81869d000-7ff8186a0000 ---p 00000000 00:00 0 
7ff8186a0000-7ff81879e000 rw-p 00000000 00:00 0 
7ff81879e000-7ff818ab4000 r--p 00000000 fe:00 3625618                    /usr/lib/locale/locale-archive
7ff818ab4000-7ff818ab7000 ---p 00000000 00:00 0 
7ff818ab7000-7ff818bb5000 rw-p 00000000 00:00 0 
7ff818bb5000-7ff818bb8000 ---p 00000000 00:00 0 
7ff818bb8000-7ff818cb6000 rw-p 00000000 00:00 0 
7ff818cb6000-7ff818cb7000 ---p 00000000 00:00 0 
7ff818cb7000-7ff819d57000 rw-p 00000000 00:00 0 
7ff819d57000-7ff819f30000 r--s 03d24000 fe:00 3680484                    /usr/lib/jvm/java-8-jdk/jre/lib/rt.jar
7ff819f30000-7ff81a626000 rw-p 00000000 00:00 0 
7ff81a626000-7ff81a7a6000 ---p 00000000 00:00 0 
7ff81a7a6000-7ff81c9a6000 rw-p 00000000 00:00 0 
7ff81c9a6000-7ff81c9a7000 ---p 00000000 00:00 0 
7ff81c9a7000-7ff81caa7000 rw-p 00000000 00:00 0 
7ff81caa7000-7ff81caa8000 ---p 00000000 00:00 0 
7ff81caa8000-7ff81cba8000 rw-p 00000000 00:00 0 
7ff81cba8000-7ff81cba9000 ---p 00000000 00:00 0 
7ff81cba9000-7ff81ccd1000 rw-p 00000000 00:00 0 
7ff81ccd1000-7ff81cdff000 ---p 00000000 00:00 0 
7ff81cdff000-7ff81ce27000 rw-p 00000000 00:00 0 
7ff81ce27000-7ff81cf54000 ---p 00000000 00:00 0 
7ff81cf54000-7ff81cf96000 rw-p 00000000 00:00 0 
7ff81cf96000-7ff81cfff000 ---p 00000000 00:00 0 
7ff81cfff000-7ff81d000000 rw-p 00000000 00:00 0 
7ff81d000000-7ff81d5f0000 rwxp 00000000 00:00 0 
7ff81d5f0000-7ff82c000000 ---p 00000000 00:00 0 
7ff82c000000-7ff82c38f000 rw-p 00000000 00:00 0 
7ff82c38f000-7ff830000000 ---p 00000000 00:00 0 
7ff83000c000-7ff830016000 r--s 00097000 fe:00 8007234                    /home/oli/Workspace/Android/pOT-Droid/pOT-Droid3/build/intermediates/exploded-aar/com.android.support/appcompat-v7/24.1.1/jars/classes.jar
7ff830016000-7ff830037000 rw-p 00000000 00:00 0 
7ff830037000-7ff830038000 ---p 00000000 00:00 0 
7ff830038000-7ff830150000 rw-p 00000000 00:00 0 
7ff830150000-7ff8304f8000 ---p 00000000 00:00 0 
7ff8304f8000-7ff830512000 r-xp 00000000 fe:00 3681056                    /usr/lib/jvm/java-8-jdk/jre/lib/amd64/libzip.so
7ff830512000-7ff830712000 ---p 0001a000 fe:00 3681056                    /usr/lib/jvm/java-8-jdk/jre/lib/amd64/libzip.so
7ff830712000-7ff830713000 rw-p 0001a000 fe:00 3681056                    /usr/lib/jvm/java-8-jdk/jre/lib/amd64/libzip.so
7ff830713000-7ff83071e000 r-xp 00000000 fe:00 3542478                    /usr/lib/libnss_files-2.23.so
7ff83071e000-7ff83091d000 ---p 0000b000 fe:00 3542478                    /usr/lib/libnss_files-2.23.so
7ff83091d000-7ff83091e000 r--p 0000a000 fe:00 3542478                    /usr/lib/libnss_files-2.23.so
7ff83091e000-7ff83091f000 rw-p 0000b000 fe:00 3542478                    /usr/lib/libnss_files-2.23.so
7ff83091f000-7ff830925000 rw-p 00000000 00:00 0 
7ff830925000-7ff83094f000 r-xp 00000000 fe:00 3681062                    /usr/lib/jvm/java-8-jdk/jre/lib/amd64/libjava.so
7ff83094f000-7ff830b4f000 ---p 0002a000 fe:00 3681062                    /usr/lib/jvm/java-8-jdk/jre/lib/amd64/libjava.so
7ff830b4f000-7ff830b51000 rw-p 0002a000 fe:00 3681062                    /usr/lib/jvm/java-8-jdk/jre/lib/amd64/libjava.so
7ff830b51000-7ff830b5e000 r-xp 00000000 fe:00 3681057                    /usr/lib/jvm/java-8-jdk/jre/lib/amd64/libverify.so
7ff830b5e000-7ff830d5e000 ---p 0000d000 fe:00 3681057                    /usr/lib/jvm/java-8-jdk/jre/lib/amd64/libverify.so
7ff830d5e000-7ff830d60000 rw-p 0000d000 fe:00 3681057                    /usr/lib/jvm/java-8-jdk/jre/lib/amd64/libverify.so
7ff830d60000-7ff830d67000 r-xp 00000000 fe:00 3542486                    /usr/lib/librt-2.23.so
7ff830d67000-7ff830f66000 ---p 00007000 fe:00 3542486                    /usr/lib/librt-2.23.so
7ff830f66000-7ff830f67000 r--p 00006000 fe:00 3542486                    /usr/lib/librt-2.23.so
7ff830f67000-7ff830f68000 rw-p 00007000 fe:00 3542486                    /usr/lib/librt-2.23.so
7ff830f68000-7ff83106b000 r-xp 00000000 fe:00 3542483                    /usr/lib/libm-2.23.so
7ff83106b000-7ff83126a000 ---p 00103000 fe:00 3542483                    /usr/lib/libm-2.23.so
7ff83126a000-7ff83126b000 r--p 00102000 fe:00 3542483                    /usr/lib/libm-2.23.so
7ff83126b000-7ff83126c000 rw-p 00103000 fe:00 3542483                    /usr/lib/libm-2.23.so
7ff83126c000-7ff831f2f000 r-xp 00000000 fe:00 3681100                    /usr/lib/jvm/java-8-jdk/jre/lib/amd64/server/libjvm.so
7ff831f2f000-7ff83212e000 ---p 00cc3000 fe:00 3681100                    /usr/lib/jvm/java-8-jdk/jre/lib/amd64/server/libjvm.so
7ff83212e000-7ff832207000 rw-p 00cc2000 fe:00 3681100                    /usr/lib/jvm/java-8-jdk/jre/lib/amd64/server/libjvm.so
7ff832207000-7ff832252000 rw-p 00000000 00:00 0 
7ff832252000-7ff8323e9000 r-xp 00000000 fe:00 3542391                    /usr/lib/libc-2.23.so
7ff8323e9000-7ff8325e9000 ---p 00197000 fe:00 3542391                    /usr/lib/libc-2.23.so
7ff8325e9000-7ff8325ed000 r--p 00197000 fe:00 3542391                    /usr/lib/libc-2.23.so
7ff8325ed000-7ff8325ef000 rw-p 0019b000 fe:00 3542391                    /usr/lib/libc-2.23.so
7ff8325ef000-7ff8325f3000 rw-p 00000000 00:00 0 
7ff8325f3000-7ff8325f5000 r-xp 00000000 fe:00 3542482                    /usr/lib/libdl-2.23.so
7ff8325f5000-7ff8327f5000 ---p 00002000 fe:00 3542482                    /usr/lib/libdl-2.23.so
7ff8327f5000-7ff8327f6000 r--p 00002000 fe:00 3542482                    /usr/lib/libdl-2.23.so
7ff8327f6000-7ff8327f7000 rw-p 00003000 fe:00 3542482                    /usr/lib/libdl-2.23.so
7ff8327f7000-7ff83280c000 r-xp 00000000 fe:00 3681099                    /usr/lib/jvm/java-8-jdk/jre/lib/amd64/jli/libjli.so
7ff83280c000-7ff832a0c000 ---p 00015000 fe:00 3681099                    /usr/lib/jvm/java-8-jdk/jre/lib/amd64/jli/libjli.so
7ff832a0c000-7ff832a0d000 rw-p 00015000 fe:00 3681099                    /usr/lib/jvm/java-8-jdk/jre/lib/amd64/jli/libjli.so
7ff832a0d000-7ff832a25000 r-xp 00000000 fe:00 3542198                    /usr/lib/libpthread-2.23.so
7ff832a25000-7ff832c24000 ---p 00018000 fe:00 3542198                    /usr/lib/libpthread-2.23.so
7ff832c24000-7ff832c25000 r--p 00017000 fe:00 3542198                    /usr/lib/libpthread-2.23.so
7ff832c25000-7ff832c26000 rw-p 00018000 fe:00 3542198                    /usr/lib/libpthread-2.23.so
7ff832c26000-7ff832c2a000 rw-p 00000000 00:00 0 
7ff832c2a000-7ff832c4d000 r-xp 00000000 fe:00 3542389                    /usr/lib/ld-2.23.so
7ff832c54000-7ff832c62000 r--s 000e0000 fe:00 7475055                    /opt/android-sdk/build-tools/24.0.1/lib/dx.jar
7ff832c62000-7ff832d06000 rw-p 00000000 00:00 0 
7ff832d06000-7ff832d09000 ---p 00000000 00:00 0 
7ff832d09000-7ff832e0b000 rw-p 00000000 00:00 0 
7ff832e0d000-7ff832e42000 rw-p 00000000 00:00 0 
7ff832e42000-7ff832e4a000 rw-s 00000000 00:22 310545                     /tmp/hsperfdata_oli/6145
7ff832e4a000-7ff832e4b000 rw-p 00000000 00:00 0 
7ff832e4b000-7ff832e4c000 ---p 00000000 00:00 0 
7ff832e4c000-7ff832e4d000 rw-p 00000000 00:00 0 
7ff832e4d000-7ff832e4e000 r--p 00023000 fe:00 3542389                    /usr/lib/ld-2.23.so
7ff832e4e000-7ff832e4f000 rw-p 00024000 fe:00 3542389                    /usr/lib/ld-2.23.so
7ff832e4f000-7ff832e50000 rw-p 00000000 00:00 0 
7fff08623000-7fff08644000 rw-p 00000000 00:00 0                          [stack]
7fff0870a000-7fff0870d000 r--p 00000000 00:00 0                          [vvar]
7fff0870d000-7fff0870f000 r-xp 00000000 00:00 0                          [vdso]
ffffffffff600000-ffffffffff601000 r-xp 00000000 00:00 0                  [vsyscall]

VM Arguments:
jvm_args: -Djava.awt.headless=true -Xmx1024M -Dfile.encoding=UTF-8 -Duser.country=US -Duser.language=en -Duser.variant 
java_command: com.android.dx.command.Main --dex --force-jumbo --num-threads=4 --multi-dex --output /home/oli/Workspace/Android/pOT-Droid/pOT-Droid3/build/intermediates/transforms/dex/debug/folders/1000/10/com.android.support-appcompat-v7-24.1.1_e2973cfb5e15eb11c1977ee4b44cee838fa30463 /home/oli/Workspace/Android/pOT-Droid/pOT-Droid3/build/intermediates/exploded-aar/com.android.support/appcompat-v7/24.1.1/jars/classes.jar
java_class_path (initial): /opt/android-sdk/build-tools/24.0.1/lib/dx.jar
Launcher Type: SUN_STANDARD

Environment Variables:
PATH=/usr/local/sbin:/usr/local/bin:/usr/bin:/opt/android-sdk/platform-tools:/usr/lib/jvm/default/bin:/usr/bin/site_perl:/usr/bin/vendor_perl:/usr/bin/core_perl:/home/oli/.scripts
LD_LIBRARY_PATH=/opt/android-studio/bin:
SHELL=/usr/bin/zsh
DISPLAY=:0

Signal Handlers:
SIGSEGV: [libjvm.so+0xabdee0], sa_mask[0]=11111111011111111101111111111110, sa_flags=SA_RESTART|SA_SIGINFO
SIGBUS: [libjvm.so+0xabdee0], sa_mask[0]=11111111011111111101111111111110, sa_flags=SA_RESTART|SA_SIGINFO
SIGFPE: [libjvm.so+0x91a580], sa_mask[0]=11111111011111111101111111111110, sa_flags=SA_RESTART|SA_SIGINFO
SIGPIPE: [libjvm.so+0x91a580], sa_mask[0]=11111111011111111101111111111110, sa_flags=SA_RESTART|SA_SIGINFO
SIGXFSZ: [libjvm.so+0x91a580], sa_mask[0]=11111111011111111101111111111110, sa_flags=SA_RESTART|SA_SIGINFO
SIGILL: [libjvm.so+0x91a580], sa_mask[0]=11111111011111111101111111111110, sa_flags=SA_RESTART|SA_SIGINFO
SIGUSR1: SIG_DFL, sa_mask[0]=00000000000000000000000000000000, sa_flags=none
SIGUSR2: [libjvm.so+0x91bbb0], sa_mask[0]=00100000000000000000000000000000, sa_flags=SA_RESTART|SA_SIGINFO
SIGHUP: [libjvm.so+0x91cfb0], sa_mask[0]=11111111011111111101111111111110, sa_flags=SA_RESTART|SA_SIGINFO
SIGINT: [libjvm.so+0x91cfb0], sa_mask[0]=11111111011111111101111111111110, sa_flags=SA_RESTART|SA_SIGINFO
SIGTERM: [libjvm.so+0x91cfb0], sa_mask[0]=11111111011111111101111111111110, sa_flags=SA_RESTART|SA_SIGINFO
SIGQUIT: [libjvm.so+0x91cfb0], sa_mask[0]=11111111011111111101111111111110, sa_flags=SA_RESTART|SA_SIGINFO


---------------  S Y S T E M  ---------------

OS:NAME="Arch Linux"
ID=arch
PRETTY_NAME="Arch Linux"
ANSI_COLOR="0;36"
HOME_URL="https://www.archlinux.org/"
SUPPORT_URL="https://bbs.archlinux.org/"
BUG_REPORT_URL="https://bugs.archlinux.org/"


uname:Linux 4.6.5-1-ARCH #1 SMP PREEMPT Thu Jul 28 08:30:15 CEST 2016 x86_64
libc:glibc 2.23 NPTL 2.23 
rlimit: STACK 8192k, CORE infinity, NPROC 30545, NOFILE 4096, AS infinity
load average:20.09 5.81 2.17

/proc/meminfo:
MemTotal:        7833484 kB
MemFree:          124524 kB
MemAvailable:      45780 kB
Buffers:            3404 kB
Cached:          4132644 kB
SwapCached:            0 kB
Active:          3856392 kB
Inactive:        3681476 kB
Active(anon):    3818948 kB
Inactive(anon):  3645404 kB
Active(file):      37444 kB
Inactive(file):    36072 kB
Unevictable:           0 kB
Mlocked:               0 kB
SwapTotal:             0 kB
SwapFree:              0 kB
Dirty:              1568 kB
Writeback:             0 kB
AnonPages:       3402400 kB
Mapped:            80200 kB
Shmem:           4061280 kB
Slab:              68696 kB
SReclaimable:      38932 kB
SUnreclaim:        29764 kB
KernelStack:        9184 kB
PageTables:        24676 kB
NFS_Unstable:          0 kB
Bounce:                0 kB
WritebackTmp:          0 kB
CommitLimit:     3916740 kB
Committed_AS:   10461980 kB
VmallocTotal:   34359738367 kB
VmallocUsed:           0 kB
VmallocChunk:          0 kB
HardwareCorrupted:     0 kB
AnonHugePages:    942080 kB
HugePages_Total:       0
HugePages_Free:        0
HugePages_Rsvd:        0
HugePages_Surp:        0
Hugepagesize:       2048 kB
DirectMap4k:      128332 kB
DirectMap2M:     3715072 kB
DirectMap1G:     5242880 kB


CPU:total 4 (4 cores per cpu, 1 threads per core) family 6 model 60 stepping 3, cmov, cx8, fxsr, mmx, sse, sse2, sse3, ssse3, sse4.1, sse4.2, popcnt, avx, avx2, aes, clmul, erms, lzcnt, tsc, tscinvbit, bmi1, bmi2

/proc/cpuinfo:
processor	: 0
vendor_id	: GenuineIntel
cpu family	: 6
model		: 60
model name	: Intel(R) Core(TM) i5-4570 CPU @ 3.20GHz
stepping	: 3
microcode	: 0x20
cpu MHz		: 3403.750
cache size	: 6144 KB
physical id	: 0
siblings	: 4
core id		: 0
cpu cores	: 4
apicid		: 0
initial apicid	: 0
fpu		: yes
fpu_exception	: yes
cpuid level	: 13
wp		: yes
flags		: fpu vme de pse tsc msr pae mce cx8 apic sep mtrr pge mca cmov pat pse36 clflush dts acpi mmx fxsr sse sse2 ss ht tm pbe syscall nx pdpe1gb rdtscp lm constant_tsc arch_perfmon pebs bts rep_good nopl xtopology nonstop_tsc aperfmperf eagerfpu pni pclmulqdq dtes64 monitor ds_cpl vmx smx est tm2 ssse3 sdbg fma cx16 xtpr pdcm pcid sse4_1 sse4_2 x2apic movbe popcnt tsc_deadline_timer aes xsave avx f16c rdrand lahf_lm abm epb tpr_shadow vnmi flexpriority ept vpid fsgsbase tsc_adjust bmi1 avx2 smep bmi2 erms invpcid xsaveopt dtherm ida arat pln pts
bugs		:
bogomips	: 6388.93
clflush size	: 64
cache_alignment	: 64
address sizes	: 39 bits physical, 48 bits virtual
power management:

processor	: 1
vendor_id	: GenuineIntel
cpu family	: 6
model		: 60
model name	: Intel(R) Core(TM) i5-4570 CPU @ 3.20GHz
stepping	: 3
microcode	: 0x20
cpu MHz		: 3399.875
cache size	: 6144 KB
physical id	: 0
siblings	: 4
core id		: 1
cpu cores	: 4
apicid		: 2
initial apicid	: 2
fpu		: yes
fpu_exception	: yes
cpuid level	: 13
wp		: yes
flags		: fpu vme de pse tsc msr pae mce cx8 apic sep mtrr pge mca cmov pat pse36 clflush dts acpi mmx fxsr sse sse2 ss ht tm pbe syscall nx pdpe1gb rdtscp lm constant_tsc arch_perfmon pebs bts rep_good nopl xtopology nonstop_tsc aperfmperf eagerfpu pni pclmulqdq dtes64 monitor ds_cpl vmx smx est tm2 ssse3 sdbg fma cx16 xtpr pdcm pcid sse4_1 sse4_2 x2apic movbe popcnt tsc_deadline_timer aes xsave avx f16c rdrand lahf_lm abm epb tpr_shadow vnmi flexpriority ept vpid fsgsbase tsc_adjust bmi1 avx2 smep bmi2 erms invpcid xsaveopt dtherm ida arat pln pts
bugs		:
bogomips	: 6389.09
clflush size	: 64
cache_alignment	: 64
address sizes	: 39 bits physical, 48 bits virtual
power management:

processor	: 2
vendor_id	: GenuineIntel
cpu family	: 6
model		: 60
model name	: Intel(R) Core(TM) i5-4570 CPU @ 3.20GHz
stepping	: 3
microcode	: 0x20
cpu MHz		: 3402.875
cache size	: 6144 KB
physical id	: 0
siblings	: 4
core id		: 2
cpu cores	: 4
apicid		: 4
initial apicid	: 4
fpu		: yes
fpu_exception	: yes
cpuid level	: 13
wp		: yes
flags		: fpu vme de pse tsc msr pae mce cx8 apic sep mtrr pge mca cmov pat pse36 clflush dts acpi mmx fxsr sse sse2 ss ht tm pbe syscall nx pdpe1gb rdtscp lm constant_tsc arch_perfmon pebs bts rep_good nopl xtopology nonstop_tsc aperfmperf eagerfpu pni pclmulqdq dtes64 monitor ds_cpl vmx smx est tm2 ssse3 sdbg fma cx16 xtpr pdcm pcid sse4_1 sse4_2 x2apic movbe popcnt tsc_deadline_timer aes xsave avx f16c rdrand lahf_lm abm epb tpr_shadow vnmi flexpriority ept vpid fsgsbase tsc_adjust bmi1 avx2 smep bmi2 erms invpcid xsaveopt dtherm ida arat pln pts
bugs		:
bogomips	: 6389.21
clflush size	: 64
cache_alignment	: 64
address sizes	: 39 bits physical, 48 bits virtual
power management:

processor	: 3
vendor_id	: GenuineIntel
cpu family	: 6
model		: 60
model name	: Intel(R) Core(TM) i5-4570 CPU @ 3.20GHz
stepping	: 3
microcode	: 0x20
cpu MHz		: 3403.750
cache size	: 6144 KB
physical id	: 0
siblings	: 4
core id		: 3
cpu cores	: 4
apicid		: 6
initial apicid	: 6
fpu		: yes
fpu_exception	: yes
cpuid level	: 13
wp		: yes
flags		: fpu vme de pse tsc msr pae mce cx8 apic sep mtrr pge mca cmov pat pse36 clflush dts acpi mmx fxsr sse sse2 ss ht tm pbe syscall nx pdpe1gb rdtscp lm constant_tsc arch_perfmon pebs bts rep_good nopl xtopology nonstop_tsc aperfmperf eagerfpu pni pclmulqdq dtes64 monitor ds_cpl vmx smx est tm2 ssse3 sdbg fma cx16 xtpr pdcm pcid sse4_1 sse4_2 x2apic movbe popcnt tsc_deadline_timer aes xsave avx f16c rdrand lahf_lm abm epb tpr_shadow vnmi flexpriority ept vpid fsgsbase tsc_adjust bmi1 avx2 smep bmi2 erms invpcid xsaveopt dtherm ida arat pln pts
bugs		:
bogomips	: 6389.23
clflush size	: 64
cache_alignment	: 64
address sizes	: 39 bits physical, 48 bits virtual
power management:



Memory: 4k page, physical 7833484k(124524k free), swap 0k(0k free)

vm_info: Java HotSpot(TM) 64-Bit Server VM (25.92-b14) for linux-amd64 JRE (1.8.0_92-b14), built on Mar 31 2016 21:08:29 by "java_re" with gcc 4.3.0 20080428 (Red Hat 4.3.0-8)

time: Fri Aug 19 17:57:35 2016
elapsed time: 3 seconds (0d 0h 0m 3s)

