#
# There is insufficient memory for the Java Runtime Environment to continue.
# Native memory allocation (mmap) failed to map 138412032 bytes for committing reserved memory.
# Possible reasons:
#   The system is out of physical RAM or swap space
#   In 32 bit mode, the process size limit was hit
# Possible solutions:
#   Reduce memory load on the system
#   Increase physical memory or swap space
#   Check if swap backing store is full
#   Use 64 bit Java on a 64 bit OS
#   Decrease Java heap size (-Xmx/-Xms)
#   Decrease number of Java threads
#   Decrease Java thread stack sizes (-Xss)
#   Set larger code cache with -XX:ReservedCodeCacheSize=
# This output file may be truncated or incomplete.
#
#  Out of Memory Error (os_linux.cpp:2627), pid=5451, tid=0x00007f98b1efe700
#
# JRE version: Java(TM) SE Runtime Environment (8.0_92-b14) (build 1.8.0_92-b14)
# Java VM: Java HotSpot(TM) 64-Bit Server VM (25.92-b14 mixed mode linux-amd64 compressed oops)
# Core dump written. Default location: /home/oli/Workspace/Android/pOT-Droid/pOT-Droid3/core or core.5451
#

---------------  T H R E A D  ---------------

Current thread (0x00007f98c8076800):  VMThread [stack: 0x00007f98b1dfe000,0x00007f98b1eff000] [id=5473]

Stack: [0x00007f98b1dfe000,0x00007f98b1eff000],  sp=0x00007f98b1efcfa0,  free space=1019k
Native frames: (J=compiled Java code, j=interpreted, Vv=VM code, C=native code)
V  [libjvm.so+0xabd65a]  VMError::report_and_die()+0x2ba
V  [libjvm.so+0x4fb4db]  report_vm_out_of_memory(char const*, int, unsigned long, VMErrorType, char const*)+0x8b
V  [libjvm.so+0x91d713]  os::Linux::commit_memory_impl(char*, unsigned long, bool)+0x103
V  [libjvm.so+0x91dc69]  os::pd_commit_memory(char*, unsigned long, unsigned long, bool)+0x29
V  [libjvm.so+0x917f6a]  os::commit_memory(char*, unsigned long, unsigned long, bool)+0x2a
V  [libjvm.so+0x98c343]  PSVirtualSpace::expand_by(unsigned long)+0x53
V  [libjvm.so+0x98d748]  PSYoungGen::resize_generation(unsigned long, unsigned long)+0xf8
V  [libjvm.so+0x98c8a2]  PSYoungGen::resize(unsigned long, unsigned long)+0x22
V  [libjvm.so+0x989b7b]  PSScavenge::invoke_no_policy()+0xf3b
V  [libjvm.so+0x98a301]  PSScavenge::invoke()+0x41
V  [libjvm.so+0x941410]  ParallelScavengeHeap::failed_mem_allocate(unsigned long)+0x70
V  [libjvm.so+0xabf077]  VM_ParallelGCFailedAllocation::doit()+0x97
V  [libjvm.so+0xac6aa5]  VM_Operation::evaluate()+0x55
V  [libjvm.so+0xac4e7a]  VMThread::evaluate_operation(VM_Operation*)+0xba
V  [libjvm.so+0xac51fe]  VMThread::loop()+0x1ce
V  [libjvm.so+0xac5670]  VMThread::run()+0x70
V  [libjvm.so+0x91fad8]  java_start(Thread*)+0x108

VM_Operation (0x00007f98b10dbc60): ParallelGCFailedAllocation, mode: safepoint, requested by thread 0x00007f98c817c800


---------------  P R O C E S S  ---------------

Java Threads: ( => current thread )
  0x00007f98c8180000 JavaThread "pool-2-thread-4" [_thread_blocked, id=5498, stack(0x00007f98b0ddb000,0x00007f98b0edc000)]
  0x00007f98c817e000 JavaThread "pool-2-thread-3" [_thread_blocked, id=5496, stack(0x00007f98b0edc000,0x00007f98b0fdd000)]
  0x00007f98c817c800 JavaThread "pool-2-thread-2" [_thread_blocked, id=5494, stack(0x00007f98b0fdd000,0x00007f98b10de000)]
  0x00007f98c817b000 JavaThread "pool-3-thread-1" [_thread_blocked, id=5493, stack(0x00007f98b10de000,0x00007f98b11df000)]
  0x00007f98c8178800 JavaThread "pool-2-thread-1" [_thread_blocked, id=5492, stack(0x00007f98b11df000,0x00007f98b12e0000)]
  0x00007f98c80d9000 JavaThread "Service Thread" daemon [_thread_blocked, id=5487, stack(0x00007f98b13e1000,0x00007f98b14e2000)]
  0x00007f98c80bc000 JavaThread "C1 CompilerThread2" daemon [_thread_blocked, id=5484, stack(0x00007f98b14e2000,0x00007f98b15e3000)]
  0x00007f98c80ba000 JavaThread "C2 CompilerThread1" daemon [_thread_blocked, id=5482, stack(0x00007f98b15e3000,0x00007f98b16e4000)]
  0x00007f98c80b7800 JavaThread "C2 CompilerThread0" daemon [_thread_blocked, id=5481, stack(0x00007f98b16e4000,0x00007f98b17e5000)]
  0x00007f98c80b6000 JavaThread "Signal Dispatcher" daemon [_thread_blocked, id=5480, stack(0x00007f98b17e5000,0x00007f98b18e6000)]
  0x00007f98c8082800 JavaThread "Finalizer" daemon [_thread_blocked, id=5476, stack(0x00007f98b1bfc000,0x00007f98b1cfd000)]
  0x00007f98c807e000 JavaThread "Reference Handler" daemon [_thread_blocked, id=5475, stack(0x00007f98b1cfd000,0x00007f98b1dfe000)]
  0x00007f98c8008800 JavaThread "main" [_thread_blocked, id=5457, stack(0x00007f98cfec7000,0x00007f98cffc8000)]

Other Threads:
=>0x00007f98c8076800 VMThread [stack: 0x00007f98b1dfe000,0x00007f98b1eff000] [id=5473]
  0x00007f98c80dc000 WatcherThread [stack: 0x00007f98b12e0000,0x00007f98b13e1000] [id=5488]

VM state:at safepoint (normal execution)

VM Mutex/Monitor currently owned by a thread:  ([mutex/lock_event])
[0x00007f98c8006440] Threads_lock - owner thread: 0x00007f98c8076800
[0x00007f98c8006940] Heap_lock - owner thread: 0x00007f98c817c800

Heap:
 PSYoungGen      total 128000K, used 5116K [0x00000000eab00000, 0x00000000f2d00000, 0x0000000100000000)
  eden space 122880K, 0% used [0x00000000eab00000,0x00000000eab00000,0x00000000f2300000)
  from space 5120K, 99% used [0x00000000f2300000,0x00000000f27ff3b0,0x00000000f2800000)
  to   space 5120K, 0% used [0x00000000f2800000,0x00000000f2800000,0x00000000f2d00000)
 ParOldGen       total 105472K, used 48742K [0x00000000c0000000, 0x00000000c6700000, 0x00000000eab00000)
  object space 105472K, 46% used [0x00000000c0000000,0x00000000c2f99a68,0x00000000c6700000)
 Metaspace       used 5731K, capacity 6896K, committed 7040K, reserved 1056768K
  class space    used 571K, capacity 616K, committed 640K, reserved 1048576K

Card table byte_map: [0x00007f98cd0f8000,0x00007f98cd2f9000] byte_map_base: 0x00007f98ccaf8000

Marking Bits: (ParMarkBitMap*) 0x00007f98cf3e64c0
 Begin Bits: [0x00007f98b2000000, 0x00007f98b3000000)
 End Bits:   [0x00007f98b3000000, 0x00007f98b4000000)

Polling page: 0x00007f98d000c000

CodeCache: size=245760Kb used=5758Kb max_used=5758Kb free=240001Kb
 bounds [0x00007f98b9000000, 0x00007f98b95b0000, 0x00007f98c8000000]
 total_blobs=1646 nmethods=1384 adapters=175
 compilation: enabled

Compilation events (10 events):
Event: 2.293 Thread 0x00007f98c80bc000 1455       2       com.android.dx.cf.code.OneLocalsArray::getOrNull (7 bytes)
Event: 2.293 Thread 0x00007f98c80bc000 nmethod 1455 0x00007f98b9580e90 code [0x00007f98b9581000, 0x00007f98b9581170]
Event: 2.293 Thread 0x00007f98c80bc000 1475       2       java.util.ArrayList::set (20 bytes)
Event: 2.293 Thread 0x00007f98c80bc000 nmethod 1475 0x00007f98b9580790 code [0x00007f98b9580920, 0x00007f98b9580c18]
Event: 2.293 Thread 0x00007f98c80bc000 1472       2       java.util.HashMap$EntryIterator::next (5 bytes)
Event: 2.293 Thread 0x00007f98c80bc000 nmethod 1472 0x00007f98b9580410 code [0x00007f98b9580580, 0x00007f98b95806e8]
Event: 2.293 Thread 0x00007f98c80bc000 1460       2       com.android.dx.ssa.DeadCodeRemover::process (14 bytes)
Event: 2.293 Thread 0x00007f98c80bc000 nmethod 1460 0x00007f98b95a2210 code [0x00007f98b95a2380, 0x00007f98b95a2558]
Event: 2.293 Thread 0x00007f98c80bc000 1461       2       com.android.dx.ssa.DeadCodeRemover::<init> (44 bytes)
Event: 2.293 Thread 0x00007f98c80bc000 nmethod 1461 0x00007f98b95a2650 code [0x00007f98b95a27c0, 0x00007f98b95a2a18]

GC Heap History (10 events):
Event: 0.601 GC heap after
Heap after GC invocations=1 (full 0):
 PSYoungGen      total 35840K, used 5109K [0x00000000eab00000, 0x00000000ef100000, 0x0000000100000000)
  eden space 30720K, 0% used [0x00000000eab00000,0x00000000eab00000,0x00000000ec900000)
  from space 5120K, 99% used [0x00000000ec900000,0x00000000ecdfd4b0,0x00000000ece00000)
  to   space 5120K, 0% used [0x00000000eec00000,0x00000000eec00000,0x00000000ef100000)
 ParOldGen       total 81920K, used 2754K [0x00000000c0000000, 0x00000000c5000000, 0x00000000eab00000)
  object space 81920K, 3% used [0x00000000c0000000,0x00000000c02b0b38,0x00000000c5000000)
 Metaspace       used 5502K, capacity 6704K, committed 6784K, reserved 1056768K
  class space    used 568K, capacity 616K, committed 640K, reserved 1048576K
}
Event: 0.838 GC heap before
{Heap before GC invocations=2 (full 0):
 PSYoungGen      total 35840K, used 35829K [0x00000000eab00000, 0x00000000ef100000, 0x0000000100000000)
  eden space 30720K, 100% used [0x00000000eab00000,0x00000000ec900000,0x00000000ec900000)
  from space 5120K, 99% used [0x00000000ec900000,0x00000000ecdfd4b0,0x00000000ece00000)
  to   space 5120K, 0% used [0x00000000eec00000,0x00000000eec00000,0x00000000ef100000)
 ParOldGen       total 81920K, used 2754K [0x00000000c0000000, 0x00000000c5000000, 0x00000000eab00000)
  object space 81920K, 3% used [0x00000000c0000000,0x00000000c02b0b38,0x00000000c5000000)
 Metaspace       used 5582K, capacity 6768K, committed 7040K, reserved 1056768K
  class space    used 568K, capacity 616K, committed 640K, reserved 1048576K
Event: 0.884 GC heap after
Heap after GC invocations=2 (full 0):
 PSYoungGen      total 66560K, used 5091K [0x00000000eab00000, 0x00000000ef100000, 0x0000000100000000)
  eden space 61440K, 0% used [0x00000000eab00000,0x00000000eab00000,0x00000000ee700000)
  from space 5120K, 99% used [0x00000000eec00000,0x00000000ef0f8cf0,0x00000000ef100000)
  to   space 5120K, 0% used [0x00000000ee700000,0x00000000ee700000,0x00000000eec00000)
 ParOldGen       total 81920K, used 15475K [0x00000000c0000000, 0x00000000c5000000, 0x00000000eab00000)
  object space 81920K, 18% used [0x00000000c0000000,0x00000000c0f1cf68,0x00000000c5000000)
 Metaspace       used 5582K, capacity 6768K, committed 7040K, reserved 1056768K
  class space    used 568K, capacity 616K, committed 640K, reserved 1048576K
}
Event: 1.096 GC heap before
{Heap before GC invocations=3 (full 0):
 PSYoungGen      total 66560K, used 66531K [0x00000000eab00000, 0x00000000ef100000, 0x0000000100000000)
  eden space 61440K, 100% used [0x00000000eab00000,0x00000000ee700000,0x00000000ee700000)
  from space 5120K, 99% used [0x00000000eec00000,0x00000000ef0f8cf0,0x00000000ef100000)
  to   space 5120K, 0% used [0x00000000ee700000,0x00000000ee700000,0x00000000eec00000)
 ParOldGen       total 81920K, used 15475K [0x00000000c0000000, 0x00000000c5000000, 0x00000000eab00000)
  object space 81920K, 18% used [0x00000000c0000000,0x00000000c0f1cf68,0x00000000c5000000)
 Metaspace       used 5628K, capacity 6832K, committed 7040K, reserved 1056768K
  class space    used 569K, capacity 616K, committed 640K, reserved 1048576K
Event: 1.151 GC heap after
Heap after GC invocations=3 (full 0):
 PSYoungGen      total 66560K, used 5091K [0x00000000eab00000, 0x00000000f2d00000, 0x0000000100000000)
  eden space 61440K, 0% used [0x00000000eab00000,0x00000000eab00000,0x00000000ee700000)
  from space 5120K, 99% used [0x00000000ee700000,0x00000000eebf8c48,0x00000000eec00000)
  to   space 5120K, 0% used [0x00000000f2800000,0x00000000f2800000,0x00000000f2d00000)
 ParOldGen       total 81920K, used 39414K [0x00000000c0000000, 0x00000000c5000000, 0x00000000eab00000)
  object space 81920K, 48% used [0x00000000c0000000,0x00000000c267d8e8,0x00000000c5000000)
 Metaspace       used 5628K, capacity 6832K, committed 7040K, reserved 1056768K
  class space    used 569K, capacity 616K, committed 640K, reserved 1048576K
}
Event: 1.434 GC heap before
{Heap before GC invocations=4 (full 0):
 PSYoungGen      total 66560K, used 66531K [0x00000000eab00000, 0x00000000f2d00000, 0x0000000100000000)
  eden space 61440K, 100% used [0x00000000eab00000,0x00000000ee700000,0x00000000ee700000)
  from space 5120K, 99% used [0x00000000ee700000,0x00000000eebf8c48,0x00000000eec00000)
  to   space 5120K, 0% used [0x00000000f2800000,0x00000000f2800000,0x00000000f2d00000)
 ParOldGen       total 81920K, used 39414K [0x00000000c0000000, 0x00000000c5000000, 0x00000000eab00000)
  object space 81920K, 48% used [0x00000000c0000000,0x00000000c267d8e8,0x00000000c5000000)
 Metaspace       used 5674K, capacity 6896K, committed 7040K, reserved 1056768K
  class space    used 569K, capacity 616K, committed 640K, reserved 1048576K
Event: 1.476 GC heap after
Heap after GC invocations=4 (full 0):
 PSYoungGen      total 128000K, used 5118K [0x00000000eab00000, 0x00000000f2d00000, 0x0000000100000000)
  eden space 122880K, 0% used [0x00000000eab00000,0x00000000eab00000,0x00000000f2300000)
  from space 5120K, 99% used [0x00000000f2800000,0x00000000f2cffb58,0x00000000f2d00000)
  to   space 5120K, 0% used [0x00000000f2300000,0x00000000f2300000,0x00000000f2800000)
 ParOldGen       total 81920K, used 63777K [0x00000000c0000000, 0x00000000c5000000, 0x00000000eab00000)
  object space 81920K, 77% used [0x00000000c0000000,0x00000000c3e487d8,0x00000000c5000000)
 Metaspace       used 5674K, capacity 6896K, committed 7040K, reserved 1056768K
  class space    used 569K, capacity 616K, committed 640K, reserved 1048576K
}
Event: 1.476 GC heap before
{Heap before GC invocations=5 (full 1):
 PSYoungGen      total 128000K, used 5118K [0x00000000eab00000, 0x00000000f2d00000, 0x0000000100000000)
  eden space 122880K, 0% used [0x00000000eab00000,0x00000000eab00000,0x00000000f2300000)
  from space 5120K, 99% used [0x00000000f2800000,0x00000000f2cffb58,0x00000000f2d00000)
  to   space 5120K, 0% used [0x00000000f2300000,0x00000000f2300000,0x00000000f2800000)
 ParOldGen       total 81920K, used 63777K [0x00000000c0000000, 0x00000000c5000000, 0x00000000eab00000)
  object space 81920K, 77% used [0x00000000c0000000,0x00000000c3e487d8,0x00000000c5000000)
 Metaspace       used 5674K, capacity 6896K, committed 7040K, reserved 1056768K
  class space    used 569K, capacity 616K, committed 640K, reserved 1048576K
Event: 1.641 GC heap after
Heap after GC invocations=5 (full 1):
 PSYoungGen      total 128000K, used 0K [0x00000000eab00000, 0x00000000f2d00000, 0x0000000100000000)
  eden space 122880K, 0% used [0x00000000eab00000,0x00000000eab00000,0x00000000f2300000)
  from space 5120K, 0% used [0x00000000f2800000,0x00000000f2800000,0x00000000f2d00000)
  to   space 5120K, 0% used [0x00000000f2300000,0x00000000f2300000,0x00000000f2800000)
 ParOldGen       total 105472K, used 27267K [0x00000000c0000000, 0x00000000c6700000, 0x00000000eab00000)
  object space 105472K, 25% used [0x00000000c0000000,0x00000000c1aa0e30,0x00000000c6700000)
 Metaspace       used 5674K, capacity 6896K, committed 7040K, reserved 1056768K
  class space    used 569K, capacity 616K, committed 640K, reserved 1048576K
}
Event: 2.306 GC heap before
{Heap before GC invocations=6 (full 1):
 PSYoungGen      total 128000K, used 122880K [0x00000000eab00000, 0x00000000f2d00000, 0x0000000100000000)
  eden space 122880K, 100% used [0x00000000eab00000,0x00000000f2300000,0x00000000f2300000)
  from space 5120K, 0% used [0x00000000f2800000,0x00000000f2800000,0x00000000f2d00000)
  to   space 5120K, 0% used [0x00000000f2300000,0x00000000f2300000,0x00000000f2800000)
 ParOldGen       total 105472K, used 27267K [0x00000000c0000000, 0x00000000c6700000, 0x00000000eab00000)
  object space 105472K, 25% used [0x00000000c0000000,0x00000000c1aa0e30,0x00000000c6700000)
 Metaspace       used 5731K, capacity 6896K, committed 7040K, reserved 1056768K
  class space    used 571K, capacity 616K, committed 640K, reserved 1048576K

Deoptimization events (10 events):
Event: 0.290 Thread 0x00007f98c817c800 Uncommon trap: reason=unstable_if action=reinterpret pc=0x00007f98b91ce23c method=java.util.HashMap.getNode(ILjava/lang/Object;)Ljava/util/HashMap$Node; @ 62
Event: 0.307 Thread 0x00007f98c817e000 Uncommon trap: reason=unstable_if action=reinterpret pc=0x00007f98b91955fc method=com.android.dx.rop.cst.CstFieldRef.compareTo0(Lcom/android/dx/rop/cst/Constant;)I @ 7
Event: 0.451 Thread 0x00007f98c8178800 Uncommon trap: reason=unstable_if action=reinterpret pc=0x00007f98b9218eac method=com.android.dx.rop.code.RegisterSpec.equals(ILcom/android/dx/rop/type/TypeBearer;Lcom/android/dx/rop/code/LocalItem;)Z @ 24
Event: 0.463 Thread 0x00007f98c817e000 Uncommon trap: reason=class_check action=maybe_recompile pc=0x00007f98b92769e8 method=com.android.dx.ssa.NormalSsaInsn.accept(Lcom/android/dx/ssa/SsaInsn$Visitor;)V @ 9
Event: 0.463 Thread 0x00007f98c817e000 Uncommon trap: reason=class_check action=maybe_recompile pc=0x00007f98b92769e8 method=com.android.dx.ssa.NormalSsaInsn.accept(Lcom/android/dx/ssa/SsaInsn$Visitor;)V @ 9
Event: 0.463 Thread 0x00007f98c817e000 Uncommon trap: reason=class_check action=maybe_recompile pc=0x00007f98b92769e8 method=com.android.dx.ssa.NormalSsaInsn.accept(Lcom/android/dx/ssa/SsaInsn$Visitor;)V @ 9
Event: 0.463 Thread 0x00007f98c817e000 Uncommon trap: reason=class_check action=maybe_recompile pc=0x00007f98b92769e8 method=com.android.dx.ssa.NormalSsaInsn.accept(Lcom/android/dx/ssa/SsaInsn$Visitor;)V @ 9
Event: 0.516 Thread 0x00007f98c8008800 Uncommon trap: reason=unstable_if action=reinterpret pc=0x00007f98b9197780 method=java.lang.String.<init>([CII)V @ 18
Event: 0.549 Thread 0x00007f98c8180000 Uncommon trap: reason=unloaded action=reinterpret pc=0x00007f98b92b6368 method=com.android.dx.ssa.SsaRenamer$BlockRenamer.visitMoveInsn(Lcom/android/dx/ssa/NormalSsaInsn;)V @ 208
Event: 1.066 Thread 0x00007f98c8008800 Uncommon trap: reason=unstable_if action=reinterpret pc=0x00007f98b938ff2c method=com.android.dx.ssa.NormalSsaInsn.getLocalAssignment()Lcom/android/dx/rop/code/RegisterSpec; @ 12

Internal exceptions (2 events):
Event: 0.026 Thread 0x00007f98c8008800 Exception <a 'java/lang/NoSuchMethodError': Method sun.misc.Unsafe.defineClass(Ljava/lang/String;[BII)Ljava/lang/Class; name or signature does not match> (0x00000000eab07cc0) thrown at [/HUDSON/workspace/8-2-build-linux-amd64/jdk8u92/6642/hotspot/src/shar
Event: 0.026 Thread 0x00007f98c8008800 Exception <a 'java/lang/NoSuchMethodError': Method sun.misc.Unsafe.prefetchRead(Ljava/lang/Object;J)V name or signature does not match> (0x00000000eab07fa8) thrown at [/HUDSON/workspace/8-2-build-linux-amd64/jdk8u92/6642/hotspot/src/share/vm/prims/jni.cpp

Events (10 events):
Event: 2.289 Thread 0x00007f98c817e000 DEOPT UNPACKING pc=0x00007f98b9047633 sp=0x00007f98b0fdaad8 mode 0
Event: 2.289 Thread 0x00007f98c817e000 DEOPT PACKING pc=0x00007f98b92746ed sp=0x00007f98b0fdad50
Event: 2.289 Thread 0x00007f98c817e000 DEOPT UNPACKING pc=0x00007f98b9047633 sp=0x00007f98b0fdaad8 mode 0
Event: 2.290 Thread 0x00007f98c817e000 DEOPT PACKING pc=0x00007f98b92746ed sp=0x00007f98b0fdad50
Event: 2.290 Thread 0x00007f98c817e000 DEOPT UNPACKING pc=0x00007f98b9047633 sp=0x00007f98b0fdaad8 mode 0
Event: 2.290 Thread 0x00007f98c817e000 DEOPT PACKING pc=0x00007f98b92746ed sp=0x00007f98b0fdad50
Event: 2.290 Thread 0x00007f98c817e000 DEOPT UNPACKING pc=0x00007f98b9047633 sp=0x00007f98b0fdaad8 mode 0
Event: 2.290 Thread 0x00007f98c817e000 DEOPT PACKING pc=0x00007f98b92746ed sp=0x00007f98b0fdad50
Event: 2.290 Thread 0x00007f98c817e000 DEOPT UNPACKING pc=0x00007f98b9047633 sp=0x00007f98b0fdaad8 mode 0
Event: 2.296 Executing VM operation: ParallelGCFailedAllocation


Dynamic libraries:
00400000-00401000 r-xp 00000000 fe:00 3680441                            /usr/lib/jvm/java-8-jdk/jre/bin/java
00600000-00601000 rw-p 00000000 fe:00 3680441                            /usr/lib/jvm/java-8-jdk/jre/bin/java
00b22000-00b43000 rw-p 00000000 00:00 0                                  [heap]
c0000000-c6700000 rw-p 00000000 00:00 0 
c6700000-eab00000 ---p 00000000 00:00 0 
eab00000-f2d00000 rw-p 00000000 00:00 0 
fb100000-100000000 ---p 00000000 00:00 0 
100000000-1000a0000 rw-p 00000000 00:00 0 
1000a0000-140000000 ---p 00000000 00:00 0 
7f9864000000-7f986403f000 rw-p 00000000 00:00 0 
7f986403f000-7f9868000000 ---p 00000000 00:00 0 
7f986c000000-7f986c031000 rw-p 00000000 00:00 0 
7f986c031000-7f9870000000 ---p 00000000 00:00 0 
7f9870000000-7f9870021000 rw-p 00000000 00:00 0 
7f9870021000-7f9874000000 ---p 00000000 00:00 0 
7f9874000000-7f9874065000 rw-p 00000000 00:00 0 
7f9874065000-7f9878000000 ---p 00000000 00:00 0 
7f9878000000-7f9878021000 rw-p 00000000 00:00 0 
7f9878021000-7f987c000000 ---p 00000000 00:00 0 
7f987c000000-7f987c021000 rw-p 00000000 00:00 0 
7f987c021000-7f9880000000 ---p 00000000 00:00 0 
7f9880000000-7f9880021000 rw-p 00000000 00:00 0 
7f9880021000-7f9884000000 ---p 00000000 00:00 0 
7f9884000000-7f9884323000 rw-p 00000000 00:00 0 
7f9884323000-7f9888000000 ---p 00000000 00:00 0 
7f9888000000-7f988877b000 rw-p 00000000 00:00 0 
7f988877b000-7f988c000000 ---p 00000000 00:00 0 
7f988c000000-7f988c021000 rw-p 00000000 00:00 0 
7f988c021000-7f9890000000 ---p 00000000 00:00 0 
7f9890000000-7f9890442000 rw-p 00000000 00:00 0 
7f9890442000-7f9894000000 ---p 00000000 00:00 0 
7f9894000000-7f9894021000 rw-p 00000000 00:00 0 
7f9894021000-7f9898000000 ---p 00000000 00:00 0 
7f9898000000-7f9898021000 rw-p 00000000 00:00 0 
7f9898021000-7f989c000000 ---p 00000000 00:00 0 
7f989c000000-7f989c021000 rw-p 00000000 00:00 0 
7f989c021000-7f98a0000000 ---p 00000000 00:00 0 
7f98a0000000-7f98a028f000 rw-p 00000000 00:00 0 
7f98a028f000-7f98a4000000 ---p 00000000 00:00 0 
7f98a4000000-7f98a4021000 rw-p 00000000 00:00 0 
7f98a4021000-7f98a8000000 ---p 00000000 00:00 0 
7f98ac000000-7f98ac021000 rw-p 00000000 00:00 0 
7f98ac021000-7f98b0000000 ---p 00000000 00:00 0 
7f98b0ddb000-7f98b0dde000 ---p 00000000 00:00 0 
7f98b0dde000-7f98b0edc000 rw-p 00000000 00:00 0 
7f98b0edc000-7f98b0edf000 ---p 00000000 00:00 0 
7f98b0edf000-7f98b0fdd000 rw-p 00000000 00:00 0 
7f98b0fdd000-7f98b0fe0000 ---p 00000000 00:00 0 
7f98b0fe0000-7f98b10de000 rw-p 00000000 00:00 0 
7f98b10de000-7f98b10e1000 ---p 00000000 00:00 0 
7f98b10e1000-7f98b11df000 rw-p 00000000 00:00 0 
7f98b11df000-7f98b11e2000 ---p 00000000 00:00 0 
7f98b11e2000-7f98b12e0000 rw-p 00000000 00:00 0 
7f98b12e0000-7f98b12e1000 ---p 00000000 00:00 0 
7f98b12e1000-7f98b13e1000 rw-p 00000000 00:00 0 
7f98b13e1000-7f98b13e4000 ---p 00000000 00:00 0 
7f98b13e4000-7f98b14e2000 rw-p 00000000 00:00 0 
7f98b14e2000-7f98b14e5000 ---p 00000000 00:00 0 
7f98b14e5000-7f98b15e3000 rw-p 00000000 00:00 0 
7f98b15e3000-7f98b15e6000 ---p 00000000 00:00 0 
7f98b15e6000-7f98b16e4000 rw-p 00000000 00:00 0 
7f98b16e4000-7f98b16e7000 ---p 00000000 00:00 0 
7f98b16e7000-7f98b17e5000 rw-p 00000000 00:00 0 
7f98b17e5000-7f98b17e8000 ---p 00000000 00:00 0 
7f98b17e8000-7f98b18e6000 rw-p 00000000 00:00 0 
7f98b18e6000-7f98b1bfc000 r--p 00000000 fe:00 3625618                    /usr/lib/locale/locale-archive
7f98b1bfc000-7f98b1bff000 ---p 00000000 00:00 0 
7f98b1bff000-7f98b1cfd000 rw-p 00000000 00:00 0 
7f98b1cfd000-7f98b1d00000 ---p 00000000 00:00 0 
7f98b1d00000-7f98b1dfe000 rw-p 00000000 00:00 0 
7f98b1dfe000-7f98b1dff000 ---p 00000000 00:00 0 
7f98b1dff000-7f98b4000000 rw-p 00000000 00:00 0 
7f98b4000000-7f98b4021000 rw-p 00000000 00:00 0 
7f98b4021000-7f98b8000000 ---p 00000000 00:00 0 
7f98b8019000-7f98b8e27000 rw-p 00000000 00:00 0 
7f98b8e27000-7f98b9000000 r--s 03d24000 fe:00 3680484                    /usr/lib/jvm/java-8-jdk/jre/lib/rt.jar
7f98b9000000-7f98b95b0000 rwxp 00000000 00:00 0 
7f98b95b0000-7f98c8000000 ---p 00000000 00:00 0 
7f98c8000000-7f98c83a8000 rw-p 00000000 00:00 0 
7f98c83a8000-7f98cc000000 ---p 00000000 00:00 0 
7f98cc076000-7f98cc7de000 rw-p 00000000 00:00 0 
7f98cc7de000-7f98cc99e000 ---p 00000000 00:00 0 
7f98cc99e000-7f98ccb9e000 rw-p 00000000 00:00 0 
7f98ccb9e000-7f98ccb9f000 ---p 00000000 00:00 0 
7f98ccb9f000-7f98ccc9f000 rw-p 00000000 00:00 0 
7f98ccc9f000-7f98ccca0000 ---p 00000000 00:00 0 
7f98ccca0000-7f98ccda0000 rw-p 00000000 00:00 0 
7f98ccda0000-7f98ccda1000 ---p 00000000 00:00 0 
7f98ccda1000-7f98ccea1000 rw-p 00000000 00:00 0 
7f98ccea1000-7f98ccea2000 ---p 00000000 00:00 0 
7f98ccea2000-7f98ccfd6000 rw-p 00000000 00:00 0 
7f98ccfd6000-7f98cd0f8000 ---p 00000000 00:00 0 
7f98cd0f8000-7f98cd12c000 rw-p 00000000 00:00 0 
7f98cd12c000-7f98cd24d000 ---p 00000000 00:00 0 
7f98cd24d000-7f98cd28f000 rw-p 00000000 00:00 0 
7f98cd28f000-7f98cd2f8000 ---p 00000000 00:00 0 
7f98cd2f8000-7f98cd310000 rw-p 00000000 00:00 0 
7f98cd310000-7f98cd6b9000 ---p 00000000 00:00 0 
7f98cd6b9000-7f98cd6d3000 r-xp 00000000 fe:00 3681056                    /usr/lib/jvm/java-8-jdk/jre/lib/amd64/libzip.so
7f98cd6d3000-7f98cd8d3000 ---p 0001a000 fe:00 3681056                    /usr/lib/jvm/java-8-jdk/jre/lib/amd64/libzip.so
7f98cd8d3000-7f98cd8d4000 rw-p 0001a000 fe:00 3681056                    /usr/lib/jvm/java-8-jdk/jre/lib/amd64/libzip.so
7f98cd8d4000-7f98cd8df000 r-xp 00000000 fe:00 3542478                    /usr/lib/libnss_files-2.23.so
7f98cd8df000-7f98cdade000 ---p 0000b000 fe:00 3542478                    /usr/lib/libnss_files-2.23.so
7f98cdade000-7f98cdadf000 r--p 0000a000 fe:00 3542478                    /usr/lib/libnss_files-2.23.so
7f98cdadf000-7f98cdae0000 rw-p 0000b000 fe:00 3542478                    /usr/lib/libnss_files-2.23.so
7f98cdae0000-7f98cdae6000 rw-p 00000000 00:00 0 
7f98cdae6000-7f98cdb10000 r-xp 00000000 fe:00 3681062                    /usr/lib/jvm/java-8-jdk/jre/lib/amd64/libjava.so
7f98cdb10000-7f98cdd10000 ---p 0002a000 fe:00 3681062                    /usr/lib/jvm/java-8-jdk/jre/lib/amd64/libjava.so
7f98cdd10000-7f98cdd12000 rw-p 0002a000 fe:00 3681062                    /usr/lib/jvm/java-8-jdk/jre/lib/amd64/libjava.so
7f98cdd12000-7f98cdd1f000 r-xp 00000000 fe:00 3681057                    /usr/lib/jvm/java-8-jdk/jre/lib/amd64/libverify.so
7f98cdd1f000-7f98cdf1f000 ---p 0000d000 fe:00 3681057                    /usr/lib/jvm/java-8-jdk/jre/lib/amd64/libverify.so
7f98cdf1f000-7f98cdf21000 rw-p 0000d000 fe:00 3681057                    /usr/lib/jvm/java-8-jdk/jre/lib/amd64/libverify.so
7f98cdf21000-7f98cdf28000 r-xp 00000000 fe:00 3542486                    /usr/lib/librt-2.23.so
7f98cdf28000-7f98ce127000 ---p 00007000 fe:00 3542486                    /usr/lib/librt-2.23.so
7f98ce127000-7f98ce128000 r--p 00006000 fe:00 3542486                    /usr/lib/librt-2.23.so
7f98ce128000-7f98ce129000 rw-p 00007000 fe:00 3542486                    /usr/lib/librt-2.23.so
7f98ce129000-7f98ce22c000 r-xp 00000000 fe:00 3542483                    /usr/lib/libm-2.23.so
7f98ce22c000-7f98ce42b000 ---p 00103000 fe:00 3542483                    /usr/lib/libm-2.23.so
7f98ce42b000-7f98ce42c000 r--p 00102000 fe:00 3542483                    /usr/lib/libm-2.23.so
7f98ce42c000-7f98ce42d000 rw-p 00103000 fe:00 3542483                    /usr/lib/libm-2.23.so
7f98ce42d000-7f98cf0f0000 r-xp 00000000 fe:00 3681100                    /usr/lib/jvm/java-8-jdk/jre/lib/amd64/server/libjvm.so
7f98cf0f0000-7f98cf2ef000 ---p 00cc3000 fe:00 3681100                    /usr/lib/jvm/java-8-jdk/jre/lib/amd64/server/libjvm.so
7f98cf2ef000-7f98cf3c8000 rw-p 00cc2000 fe:00 3681100                    /usr/lib/jvm/java-8-jdk/jre/lib/amd64/server/libjvm.so
7f98cf3c8000-7f98cf413000 rw-p 00000000 00:00 0 
7f98cf413000-7f98cf5aa000 r-xp 00000000 fe:00 3542391                    /usr/lib/libc-2.23.so
7f98cf5aa000-7f98cf7aa000 ---p 00197000 fe:00 3542391                    /usr/lib/libc-2.23.so
7f98cf7aa000-7f98cf7ae000 r--p 00197000 fe:00 3542391                    /usr/lib/libc-2.23.so
7f98cf7ae000-7f98cf7b0000 rw-p 0019b000 fe:00 3542391                    /usr/lib/libc-2.23.so
7f98cf7b0000-7f98cf7b4000 rw-p 00000000 00:00 0 
7f98cf7b4000-7f98cf7b6000 r-xp 00000000 fe:00 3542482                    /usr/lib/libdl-2.23.so
7f98cf7b6000-7f98cf9b6000 ---p 00002000 fe:00 3542482                    /usr/lib/libdl-2.23.so
7f98cf9b6000-7f98cf9b7000 r--p 00002000 fe:00 3542482                    /usr/lib/libdl-2.23.so
7f98cf9b7000-7f98cf9b8000 rw-p 00003000 fe:00 3542482                    /usr/lib/libdl-2.23.so
7f98cf9b8000-7f98cf9cd000 r-xp 00000000 fe:00 3681099                    /usr/lib/jvm/java-8-jdk/jre/lib/amd64/jli/libjli.so
7f98cf9cd000-7f98cfbcd000 ---p 00015000 fe:00 3681099                    /usr/lib/jvm/java-8-jdk/jre/lib/amd64/jli/libjli.so
7f98cfbcd000-7f98cfbce000 rw-p 00015000 fe:00 3681099                    /usr/lib/jvm/java-8-jdk/jre/lib/amd64/jli/libjli.so
7f98cfbce000-7f98cfbe6000 r-xp 00000000 fe:00 3542198                    /usr/lib/libpthread-2.23.so
7f98cfbe6000-7f98cfde5000 ---p 00018000 fe:00 3542198                    /usr/lib/libpthread-2.23.so
7f98cfde5000-7f98cfde6000 r--p 00017000 fe:00 3542198                    /usr/lib/libpthread-2.23.so
7f98cfde6000-7f98cfde7000 rw-p 00018000 fe:00 3542198                    /usr/lib/libpthread-2.23.so
7f98cfde7000-7f98cfdeb000 rw-p 00000000 00:00 0 
7f98cfdeb000-7f98cfe0e000 r-xp 00000000 fe:00 3542389                    /usr/lib/ld-2.23.so
7f98cfe15000-7f98cfe23000 r--s 000e0000 fe:00 7475055                    /opt/android-sdk/build-tools/24.0.1/lib/dx.jar
7f98cfe23000-7f98cfec7000 rw-p 00000000 00:00 0 
7f98cfec7000-7f98cfeca000 ---p 00000000 00:00 0 
7f98cfeca000-7f98cffcc000 rw-p 00000000 00:00 0 
7f98cffce000-7f98d0003000 rw-p 00000000 00:00 0 
7f98d0003000-7f98d000b000 rw-s 00000000 00:22 295770                     /tmp/hsperfdata_oli/5451
7f98d000b000-7f98d000c000 rw-p 00000000 00:00 0 
7f98d000c000-7f98d000d000 ---p 00000000 00:00 0 
7f98d000d000-7f98d000e000 rw-p 00000000 00:00 0 
7f98d000e000-7f98d000f000 r--p 00023000 fe:00 3542389                    /usr/lib/ld-2.23.so
7f98d000f000-7f98d0010000 rw-p 00024000 fe:00 3542389                    /usr/lib/ld-2.23.so
7f98d0010000-7f98d0011000 rw-p 00000000 00:00 0 
7ffc0ef52000-7ffc0ef73000 rw-p 00000000 00:00 0                          [stack]
7ffc0eff1000-7ffc0eff4000 r--p 00000000 00:00 0                          [vvar]
7ffc0eff4000-7ffc0eff6000 r-xp 00000000 00:00 0                          [vdso]
ffffffffff600000-ffffffffff601000 r-xp 00000000 00:00 0                  [vsyscall]

VM Arguments:
jvm_args: -Djava.awt.headless=true -Xmx1024M -Dfile.encoding=UTF-8 -Duser.country=US -Duser.language=en -Duser.variant 
java_command: com.android.dx.command.Main --dex --force-jumbo --num-threads=4 --multi-dex --output /home/oli/Workspace/Android/pOT-Droid/pOT-Droid3/build/intermediates/transforms/dex/debug/folders/1000/5/slice_3 /home/oli/Workspace/Android/pOT-Droid/pOT-Droid3/build/intermediates/transforms/instantRunSlicer/debug/folders/1/5/slice_3
java_class_path (initial): /opt/android-sdk/build-tools/24.0.1/lib/dx.jar
Launcher Type: SUN_STANDARD

Environment Variables:
PATH=/usr/local/sbin:/usr/local/bin:/usr/bin:/opt/android-sdk/platform-tools:/usr/lib/jvm/default/bin:/usr/bin/site_perl:/usr/bin/vendor_perl:/usr/bin/core_perl:/home/oli/.scripts
LD_LIBRARY_PATH=/opt/android-studio/bin:
SHELL=/usr/bin/zsh
DISPLAY=:0

Signal Handlers:
SIGSEGV: [libjvm.so+0xabdee0], sa_mask[0]=11111111011111111101111111111110, sa_flags=SA_RESTART|SA_SIGINFO
SIGBUS: [libjvm.so+0xabdee0], sa_mask[0]=11111111011111111101111111111110, sa_flags=SA_RESTART|SA_SIGINFO
SIGFPE: [libjvm.so+0x91a580], sa_mask[0]=11111111011111111101111111111110, sa_flags=SA_RESTART|SA_SIGINFO
SIGPIPE: [libjvm.so+0x91a580], sa_mask[0]=11111111011111111101111111111110, sa_flags=SA_RESTART|SA_SIGINFO
SIGXFSZ: [libjvm.so+0x91a580], sa_mask[0]=11111111011111111101111111111110, sa_flags=SA_RESTART|SA_SIGINFO
SIGILL: [libjvm.so+0x91a580], sa_mask[0]=11111111011111111101111111111110, sa_flags=SA_RESTART|SA_SIGINFO
SIGUSR1: SIG_DFL, sa_mask[0]=00000000000000000000000000000000, sa_flags=none
SIGUSR2: [libjvm.so+0x91bbb0], sa_mask[0]=00100000000000000000000000000000, sa_flags=SA_RESTART|SA_SIGINFO
SIGHUP: [libjvm.so+0x91cfb0], sa_mask[0]=11111111011111111101111111111110, sa_flags=SA_RESTART|SA_SIGINFO
SIGINT: [libjvm.so+0x91cfb0], sa_mask[0]=11111111011111111101111111111110, sa_flags=SA_RESTART|SA_SIGINFO
SIGTERM: [libjvm.so+0x91cfb0], sa_mask[0]=11111111011111111101111111111110, sa_flags=SA_RESTART|SA_SIGINFO
SIGQUIT: [libjvm.so+0x91cfb0], sa_mask[0]=11111111011111111101111111111110, sa_flags=SA_RESTART|SA_SIGINFO


---------------  S Y S T E M  ---------------

OS:NAME="Arch Linux"
ID=arch
PRETTY_NAME="Arch Linux"
ANSI_COLOR="0;36"
HOME_URL="https://www.archlinux.org/"
SUPPORT_URL="https://bbs.archlinux.org/"
BUG_REPORT_URL="https://bugs.archlinux.org/"


uname:Linux 4.6.5-1-ARCH #1 SMP PREEMPT Thu Jul 28 08:30:15 CEST 2016 x86_64
libc:glibc 2.23 NPTL 2.23 
rlimit: STACK 8192k, CORE infinity, NPROC 30545, NOFILE 4096, AS infinity
load average:1.06 0.47 0.35

/proc/meminfo:
MemTotal:        7833484 kB
MemFree:          175116 kB
MemAvailable:      75744 kB
Buffers:             768 kB
Cached:          4172792 kB
SwapCached:            0 kB
Active:          3745336 kB
Inactive:        3742864 kB
Active(anon):    3731836 kB
Inactive(anon):  3724796 kB
Active(file):      13500 kB
Inactive(file):    18068 kB
Unevictable:           0 kB
Mlocked:               0 kB
SwapTotal:             0 kB
SwapFree:              0 kB
Dirty:                 0 kB
Writeback:           200 kB
AnonPages:       3315360 kB
Mapped:            93296 kB
Shmem:           4141228 kB
Slab:              69324 kB
SReclaimable:      39628 kB
SUnreclaim:        29696 kB
KernelStack:        8400 kB
PageTables:        25316 kB
NFS_Unstable:          0 kB
Bounce:                0 kB
WritebackTmp:          0 kB
CommitLimit:     3916740 kB
Committed_AS:   10340308 kB
VmallocTotal:   34359738367 kB
VmallocUsed:           0 kB
VmallocChunk:          0 kB
HardwareCorrupted:     0 kB
AnonHugePages:    933888 kB
HugePages_Total:       0
HugePages_Free:        0
HugePages_Rsvd:        0
HugePages_Surp:        0
Hugepagesize:       2048 kB
DirectMap4k:      128332 kB
DirectMap2M:     3715072 kB
DirectMap1G:     5242880 kB


CPU:total 4 (4 cores per cpu, 1 threads per core) family 6 model 60 stepping 3, cmov, cx8, fxsr, mmx, sse, sse2, sse3, ssse3, sse4.1, sse4.2, popcnt, avx, avx2, aes, clmul, erms, lzcnt, tsc, tscinvbit, bmi1, bmi2

/proc/cpuinfo:
processor	: 0
vendor_id	: GenuineIntel
cpu family	: 6
model		: 60
model name	: Intel(R) Core(TM) i5-4570 CPU @ 3.20GHz
stepping	: 3
microcode	: 0x20
cpu MHz		: 3399.875
cache size	: 6144 KB
physical id	: 0
siblings	: 4
core id		: 0
cpu cores	: 4
apicid		: 0
initial apicid	: 0
fpu		: yes
fpu_exception	: yes
cpuid level	: 13
wp		: yes
flags		: fpu vme de pse tsc msr pae mce cx8 apic sep mtrr pge mca cmov pat pse36 clflush dts acpi mmx fxsr sse sse2 ss ht tm pbe syscall nx pdpe1gb rdtscp lm constant_tsc arch_perfmon pebs bts rep_good nopl xtopology nonstop_tsc aperfmperf eagerfpu pni pclmulqdq dtes64 monitor ds_cpl vmx smx est tm2 ssse3 sdbg fma cx16 xtpr pdcm pcid sse4_1 sse4_2 x2apic movbe popcnt tsc_deadline_timer aes xsave avx f16c rdrand lahf_lm abm epb tpr_shadow vnmi flexpriority ept vpid fsgsbase tsc_adjust bmi1 avx2 smep bmi2 erms invpcid xsaveopt dtherm ida arat pln pts
bugs		:
bogomips	: 6388.93
clflush size	: 64
cache_alignment	: 64
address sizes	: 39 bits physical, 48 bits virtual
power management:

processor	: 1
vendor_id	: GenuineIntel
cpu family	: 6
model		: 60
model name	: Intel(R) Core(TM) i5-4570 CPU @ 3.20GHz
stepping	: 3
microcode	: 0x20
cpu MHz		: 3399.875
cache size	: 6144 KB
physical id	: 0
siblings	: 4
core id		: 1
cpu cores	: 4
apicid		: 2
initial apicid	: 2
fpu		: yes
fpu_exception	: yes
cpuid level	: 13
wp		: yes
flags		: fpu vme de pse tsc msr pae mce cx8 apic sep mtrr pge mca cmov pat pse36 clflush dts acpi mmx fxsr sse sse2 ss ht tm pbe syscall nx pdpe1gb rdtscp lm constant_tsc arch_perfmon pebs bts rep_good nopl xtopology nonstop_tsc aperfmperf eagerfpu pni pclmulqdq dtes64 monitor ds_cpl vmx smx est tm2 ssse3 sdbg fma cx16 xtpr pdcm pcid sse4_1 sse4_2 x2apic movbe popcnt tsc_deadline_timer aes xsave avx f16c rdrand lahf_lm abm epb tpr_shadow vnmi flexpriority ept vpid fsgsbase tsc_adjust bmi1 avx2 smep bmi2 erms invpcid xsaveopt dtherm ida arat pln pts
bugs		:
bogomips	: 6389.09
clflush size	: 64
cache_alignment	: 64
address sizes	: 39 bits physical, 48 bits virtual
power management:

processor	: 2
vendor_id	: GenuineIntel
cpu family	: 6
model		: 60
model name	: Intel(R) Core(TM) i5-4570 CPU @ 3.20GHz
stepping	: 3
microcode	: 0x20
cpu MHz		: 3400.000
cache size	: 6144 KB
physical id	: 0
siblings	: 4
core id		: 2
cpu cores	: 4
apicid		: 4
initial apicid	: 4
fpu		: yes
fpu_exception	: yes
cpuid level	: 13
wp		: yes
flags		: fpu vme de pse tsc msr pae mce cx8 apic sep mtrr pge mca cmov pat pse36 clflush dts acpi mmx fxsr sse sse2 ss ht tm pbe syscall nx pdpe1gb rdtscp lm constant_tsc arch_perfmon pebs bts rep_good nopl xtopology nonstop_tsc aperfmperf eagerfpu pni pclmulqdq dtes64 monitor ds_cpl vmx smx est tm2 ssse3 sdbg fma cx16 xtpr pdcm pcid sse4_1 sse4_2 x2apic movbe popcnt tsc_deadline_timer aes xsave avx f16c rdrand lahf_lm abm epb tpr_shadow vnmi flexpriority ept vpid fsgsbase tsc_adjust bmi1 avx2 smep bmi2 erms invpcid xsaveopt dtherm ida arat pln pts
bugs		:
bogomips	: 6389.21
clflush size	: 64
cache_alignment	: 64
address sizes	: 39 bits physical, 48 bits virtual
power management:

processor	: 3
vendor_id	: GenuineIntel
cpu family	: 6
model		: 60
model name	: Intel(R) Core(TM) i5-4570 CPU @ 3.20GHz
stepping	: 3
microcode	: 0x20
cpu MHz		: 3399.875
cache size	: 6144 KB
physical id	: 0
siblings	: 4
core id		: 3
cpu cores	: 4
apicid		: 6
initial apicid	: 6
fpu		: yes
fpu_exception	: yes
cpuid level	: 13
wp		: yes
flags		: fpu vme de pse tsc msr pae mce cx8 apic sep mtrr pge mca cmov pat pse36 clflush dts acpi mmx fxsr sse sse2 ss ht tm pbe syscall nx pdpe1gb rdtscp lm constant_tsc arch_perfmon pebs bts rep_good nopl xtopology nonstop_tsc aperfmperf eagerfpu pni pclmulqdq dtes64 monitor ds_cpl vmx smx est tm2 ssse3 sdbg fma cx16 xtpr pdcm pcid sse4_1 sse4_2 x2apic movbe popcnt tsc_deadline_timer aes xsave avx f16c rdrand lahf_lm abm epb tpr_shadow vnmi flexpriority ept vpid fsgsbase tsc_adjust bmi1 avx2 smep bmi2 erms invpcid xsaveopt dtherm ida arat pln pts
bugs		:
bogomips	: 6389.23
clflush size	: 64
cache_alignment	: 64
address sizes	: 39 bits physical, 48 bits virtual
power management:



Memory: 4k page, physical 7833484k(175116k free), swap 0k(0k free)

vm_info: Java HotSpot(TM) 64-Bit Server VM (25.92-b14) for linux-amd64 JRE (1.8.0_92-b14), built on Mar 31 2016 21:08:29 by "java_re" with gcc 4.3.0 20080428 (Red Hat 4.3.0-8)

time: Fri Aug 19 17:56:31 2016
elapsed time: 2 seconds (0d 0h 0m 2s)

