#
# There is insufficient memory for the Java Runtime Environment to continue.
# Native memory allocation (mmap) failed to map 168820736 bytes for committing reserved memory.
# Possible reasons:
#   The system is out of physical RAM or swap space
#   In 32 bit mode, the process size limit was hit
# Possible solutions:
#   Reduce memory load on the system
#   Increase physical memory or swap space
#   Check if swap backing store is full
#   Use 64 bit Java on a 64 bit OS
#   Decrease Java heap size (-Xmx/-Xms)
#   Decrease number of Java threads
#   Decrease Java thread stack sizes (-Xss)
#   Set larger code cache with -XX:ReservedCodeCacheSize=
# This output file may be truncated or incomplete.
#
#  Out of Memory Error (os_linux.cpp:2627), pid=5749, tid=0x00007f943b7d6700
#
# JRE version: Java(TM) SE Runtime Environment (8.0_92-b14) (build 1.8.0_92-b14)
# Java VM: Java HotSpot(TM) 64-Bit Server VM (25.92-b14 mixed mode linux-amd64 compressed oops)
# Core dump written. Default location: /home/oli/Workspace/Android/pOT-Droid/pOT-Droid3/core or core.5749
#

---------------  T H R E A D  ---------------

Current thread (0x00007f9450076800):  VMThread [stack: 0x00007f943b6d6000,0x00007f943b7d7000] [id=5759]

Stack: [0x00007f943b6d6000,0x00007f943b7d7000],  sp=0x00007f943b7d52a0,  free space=1020k
Native frames: (J=compiled Java code, j=interpreted, Vv=VM code, C=native code)
V  [libjvm.so+0xabd65a]  VMError::report_and_die()+0x2ba
V  [libjvm.so+0x4fb4db]  report_vm_out_of_memory(char const*, int, unsigned long, VMErrorType, char const*)+0x8b
V  [libjvm.so+0x91d713]  os::Linux::commit_memory_impl(char*, unsigned long, bool)+0x103
V  [libjvm.so+0x91dc69]  os::pd_commit_memory(char*, unsigned long, unsigned long, bool)+0x29
V  [libjvm.so+0x917f6a]  os::commit_memory(char*, unsigned long, unsigned long, bool)+0x2a
V  [libjvm.so+0x98c343]  PSVirtualSpace::expand_by(unsigned long)+0x53
V  [libjvm.so+0x98d748]  PSYoungGen::resize_generation(unsigned long, unsigned long)+0xf8
V  [libjvm.so+0x98c8a2]  PSYoungGen::resize(unsigned long, unsigned long)+0x22
V  [libjvm.so+0x989b7b]  PSScavenge::invoke_no_policy()+0xf3b
V  [libjvm.so+0x98a301]  PSScavenge::invoke()+0x41
V  [libjvm.so+0x941410]  ParallelScavengeHeap::failed_mem_allocate(unsigned long)+0x70
V  [libjvm.so+0xabf077]  VM_ParallelGCFailedAllocation::doit()+0x97
V  [libjvm.so+0xac6aa5]  VM_Operation::evaluate()+0x55
V  [libjvm.so+0xac4e7a]  VMThread::evaluate_operation(VM_Operation*)+0xba
V  [libjvm.so+0xac51fe]  VMThread::loop()+0x1ce
V  [libjvm.so+0xac5670]  VMThread::run()+0x70
V  [libjvm.so+0x91fad8]  java_start(Thread*)+0x108

VM_Operation (0x00007f943ab9ec40): ParallelGCFailedAllocation, mode: safepoint, requested by thread 0x00007f9450135000


---------------  P R O C E S S  ---------------

Java Threads: ( => current thread )
  0x00007f945013c000 JavaThread "pool-2-thread-4" [_thread_blocked, id=5787, stack(0x00007f943a69c000,0x00007f943a79d000)]
  0x00007f945013a000 JavaThread "pool-2-thread-3" [_thread_blocked, id=5785, stack(0x00007f943a79d000,0x00007f943a89e000)]
  0x00007f9450139800 JavaThread "pool-2-thread-2" [_thread_blocked, id=5784, stack(0x00007f943a89e000,0x00007f943a99f000)]
  0x00007f9450137000 JavaThread "pool-3-thread-1" [_thread_blocked, id=5782, stack(0x00007f943a99f000,0x00007f943aaa0000)]
  0x00007f9450135000 JavaThread "pool-2-thread-1" [_thread_blocked, id=5781, stack(0x00007f943aaa0000,0x00007f943aba1000)]
  0x00007f94500bf000 JavaThread "Service Thread" daemon [_thread_blocked, id=5766, stack(0x00007f943acb9000,0x00007f943adba000)]
  0x00007f94500bc000 JavaThread "C1 CompilerThread2" daemon [_thread_blocked, id=5765, stack(0x00007f943adba000,0x00007f943aebb000)]
  0x00007f94500ba000 JavaThread "C2 CompilerThread1" daemon [_thread_blocked, id=5764, stack(0x00007f943aebb000,0x00007f943afbc000)]
  0x00007f94500b7800 JavaThread "C2 CompilerThread0" daemon [_thread_blocked, id=5763, stack(0x00007f943afbc000,0x00007f943b0bd000)]
  0x00007f94500b6000 JavaThread "Signal Dispatcher" daemon [_thread_blocked, id=5762, stack(0x00007f943b0bd000,0x00007f943b1be000)]
  0x00007f9450082800 JavaThread "Finalizer" daemon [_thread_blocked, id=5761, stack(0x00007f943b4d4000,0x00007f943b5d5000)]
  0x00007f945007e000 JavaThread "Reference Handler" daemon [_thread_blocked, id=5760, stack(0x00007f943b5d5000,0x00007f943b6d6000)]
  0x00007f9450008800 JavaThread "main" [_thread_blocked, id=5751, stack(0x00007f9459712000,0x00007f9459813000)]

Other Threads:
=>0x00007f9450076800 VMThread [stack: 0x00007f943b6d6000,0x00007f943b7d7000] [id=5759]
  0x00007f94500c2000 WatcherThread [stack: 0x00007f943abb8000,0x00007f943acb9000] [id=5767]

VM state:at safepoint (normal execution)

VM Mutex/Monitor currently owned by a thread:  ([mutex/lock_event])
[0x00007f94500064e0] Threads_lock - owner thread: 0x00007f9450076800
[0x00007f94500069e0] Heap_lock - owner thread: 0x00007f9450135000

Heap:
 PSYoungGen      total 128000K, used 5114K [0x00000000eab00000, 0x00000000f2d00000, 0x0000000100000000)
  eden space 122880K, 0% used [0x00000000eab00000,0x00000000eab00000,0x00000000f2300000)
  from space 5120K, 99% used [0x00000000f2300000,0x00000000f27feb20,0x00000000f2800000)
  to   space 5120K, 0% used [0x00000000f2800000,0x00000000f2800000,0x00000000f2d00000)
 ParOldGen       total 81920K, used 38810K [0x00000000c0000000, 0x00000000c5000000, 0x00000000eab00000)
  object space 81920K, 47% used [0x00000000c0000000,0x00000000c25e6a10,0x00000000c5000000)
 Metaspace       used 6243K, capacity 7128K, committed 7424K, reserved 1056768K
  class space    used 613K, capacity 656K, committed 768K, reserved 1048576K

Card table byte_map: [0x00007f9456943000,0x00007f9456b44000] byte_map_base: 0x00007f9456343000

Marking Bits: (ParMarkBitMap*) 0x00007f9458c314c0
 Begin Bits: [0x00007f94543e9000, 0x00007f94553e9000)
 End Bits:   [0x00007f94553e9000, 0x00007f94563e9000)

Polling page: 0x00007f9459857000

CodeCache: size=245760Kb used=6226Kb max_used=6226Kb free=239533Kb
 bounds [0x00007f9441000000, 0x00007f9441620000, 0x00007f9450000000]
 total_blobs=1945 nmethods=1676 adapters=182
 compilation: enabled

Compilation events (10 events):
Event: 33.653 Thread 0x00007f94500bc000 1874       2       com.android.dx.command.dexer.Main::access$1800 (4 bytes)
Event: 33.653 Thread 0x00007f94500bc000 nmethod 1874 0x00007f94416179d0 code [0x00007f9441617b20, 0x00007f9441617c50]
Event: 33.653 Thread 0x00007f94500bc000 1875       2       com.android.dx.command.dexer.Main::access$2000 (4 bytes)
Event: 33.653 Thread 0x00007f94500bc000 nmethod 1875 0x00007f9441617cd0 code [0x00007f9441617e20, 0x00007f9441617f50]
Event: 33.653 Thread 0x00007f94500bc000 1877       2       com.android.dx.command.dexer.Main::access$1600 (4 bytes)
Event: 33.653 Thread 0x00007f94500bc000 nmethod 1877 0x00007f9441617fd0 code [0x00007f9441618120, 0x00007f9441618250]
Event: 33.653 Thread 0x00007f94500bc000 1824       2       java.util.concurrent.locks.AbstractQueuedSynchronizer$ConditionObject::checkInterruptWhileWaiting (27 bytes)
Event: 33.653 Thread 0x00007f94500bc000 nmethod 1824 0x00007f94416182d0 code [0x00007f9441618460, 0x00007f9441618738]
Event: 33.653 Thread 0x00007f94500bc000 1822       2       java.util.concurrent.locks.AbstractQueuedSynchronizer::transferForSignal (45 bytes)
Event: 33.653 Thread 0x00007f94500bc000 nmethod 1822 0x00007f9441618910 code [0x00007f9441618a80, 0x00007f9441618cd8]

GC Heap History (9 events):
Event: 0.677 GC heap before
{Heap before GC invocations=1 (full 0):
 PSYoungGen      total 35840K, used 30720K [0x00000000eab00000, 0x00000000ed300000, 0x0000000100000000)
  eden space 30720K, 100% used [0x00000000eab00000,0x00000000ec900000,0x00000000ec900000)
  from space 5120K, 0% used [0x00000000ece00000,0x00000000ece00000,0x00000000ed300000)
  to   space 5120K, 0% used [0x00000000ec900000,0x00000000ec900000,0x00000000ece00000)
 ParOldGen       total 81920K, used 0K [0x00000000c0000000, 0x00000000c5000000, 0x00000000eab00000)
  object space 81920K, 0% used [0x00000000c0000000,0x00000000c0000000,0x00000000c5000000)
 Metaspace       used 5690K, capacity 6704K, committed 6784K, reserved 1056768K
  class space    used 590K, capacity 616K, committed 640K, reserved 1048576K
Event: 0.685 GC heap after
Heap after GC invocations=1 (full 0):
 PSYoungGen      total 35840K, used 4375K [0x00000000eab00000, 0x00000000ef100000, 0x0000000100000000)
  eden space 30720K, 0% used [0x00000000eab00000,0x00000000eab00000,0x00000000ec900000)
  from space 5120K, 85% used [0x00000000ec900000,0x00000000ecd45f18,0x00000000ece00000)
  to   space 5120K, 0% used [0x00000000eec00000,0x00000000eec00000,0x00000000ef100000)
 ParOldGen       total 81920K, used 8K [0x00000000c0000000, 0x00000000c5000000, 0x00000000eab00000)
  object space 81920K, 0% used [0x00000000c0000000,0x00000000c0002000,0x00000000c5000000)
 Metaspace       used 5690K, capacity 6704K, committed 6784K, reserved 1056768K
  class space    used 590K, capacity 616K, committed 640K, reserved 1048576K
}
Event: 1.200 GC heap before
{Heap before GC invocations=2 (full 0):
 PSYoungGen      total 35840K, used 35095K [0x00000000eab00000, 0x00000000ef100000, 0x0000000100000000)
  eden space 30720K, 100% used [0x00000000eab00000,0x00000000ec900000,0x00000000ec900000)
  from space 5120K, 85% used [0x00000000ec900000,0x00000000ecd45f18,0x00000000ece00000)
  to   space 5120K, 0% used [0x00000000eec00000,0x00000000eec00000,0x00000000ef100000)
 ParOldGen       total 81920K, used 8K [0x00000000c0000000, 0x00000000c5000000, 0x00000000eab00000)
  object space 81920K, 0% used [0x00000000c0000000,0x00000000c0002000,0x00000000c5000000)
 Metaspace       used 5863K, capacity 6832K, committed 7040K, reserved 1056768K
  class space    used 592K, capacity 616K, committed 640K, reserved 1048576K
Event: 1.216 GC heap after
Heap after GC invocations=2 (full 0):
 PSYoungGen      total 66560K, used 5110K [0x00000000eab00000, 0x00000000ef100000, 0x0000000100000000)
  eden space 61440K, 0% used [0x00000000eab00000,0x00000000eab00000,0x00000000ee700000)
  from space 5120K, 99% used [0x00000000eec00000,0x00000000ef0fdb70,0x00000000ef100000)
  to   space 5120K, 0% used [0x00000000ee700000,0x00000000ee700000,0x00000000eec00000)
 ParOldGen       total 81920K, used 2977K [0x00000000c0000000, 0x00000000c5000000, 0x00000000eab00000)
  object space 81920K, 3% used [0x00000000c0000000,0x00000000c02e84a8,0x00000000c5000000)
 Metaspace       used 5863K, capacity 6832K, committed 7040K, reserved 1056768K
  class space    used 592K, capacity 616K, committed 640K, reserved 1048576K
}
Event: 1.734 GC heap before
{Heap before GC invocations=3 (full 0):
 PSYoungGen      total 66560K, used 66550K [0x00000000eab00000, 0x00000000ef100000, 0x0000000100000000)
  eden space 61440K, 100% used [0x00000000eab00000,0x00000000ee700000,0x00000000ee700000)
  from space 5120K, 99% used [0x00000000eec00000,0x00000000ef0fdb70,0x00000000ef100000)
  to   space 5120K, 0% used [0x00000000ee700000,0x00000000ee700000,0x00000000eec00000)
 ParOldGen       total 81920K, used 2977K [0x00000000c0000000, 0x00000000c5000000, 0x00000000eab00000)
  object space 81920K, 3% used [0x00000000c0000000,0x00000000c02e84a8,0x00000000c5000000)
 Metaspace       used 5903K, capacity 6896K, committed 7040K, reserved 1056768K
  class space    used 593K, capacity 616K, committed 640K, reserved 1048576K
Event: 1.778 GC heap after
Heap after GC invocations=3 (full 0):
 PSYoungGen      total 66560K, used 5106K [0x00000000eab00000, 0x00000000f2d00000, 0x0000000100000000)
  eden space 61440K, 0% used [0x00000000eab00000,0x00000000eab00000,0x00000000ee700000)
  from space 5120K, 99% used [0x00000000ee700000,0x00000000eebfc8f0,0x00000000eec00000)
  to   space 5120K, 0% used [0x00000000f2800000,0x00000000f2800000,0x00000000f2d00000)
 ParOldGen       total 81920K, used 11008K [0x00000000c0000000, 0x00000000c5000000, 0x00000000eab00000)
  object space 81920K, 13% used [0x00000000c0000000,0x00000000c0ac0168,0x00000000c5000000)
 Metaspace       used 5903K, capacity 6896K, committed 7040K, reserved 1056768K
  class space    used 593K, capacity 616K, committed 640K, reserved 1048576K
}
Event: 2.254 GC heap before
{Heap before GC invocations=4 (full 0):
 PSYoungGen      total 66560K, used 66546K [0x00000000eab00000, 0x00000000f2d00000, 0x0000000100000000)
  eden space 61440K, 100% used [0x00000000eab00000,0x00000000ee700000,0x00000000ee700000)
  from space 5120K, 99% used [0x00000000ee700000,0x00000000eebfc8f0,0x00000000eec00000)
  to   space 5120K, 0% used [0x00000000f2800000,0x00000000f2800000,0x00000000f2d00000)
 ParOldGen       total 81920K, used 11008K [0x00000000c0000000, 0x00000000c5000000, 0x00000000eab00000)
  object space 81920K, 13% used [0x00000000c0000000,0x00000000c0ac0168,0x00000000c5000000)
 Metaspace       used 5977K, capacity 6960K, committed 7040K, reserved 1056768K
  class space    used 593K, capacity 616K, committed 640K, reserved 1048576K
Event: 2.299 GC heap after
Heap after GC invocations=4 (full 0):
 PSYoungGen      total 128000K, used 5096K [0x00000000eab00000, 0x00000000f2d00000, 0x0000000100000000)
  eden space 122880K, 0% used [0x00000000eab00000,0x00000000eab00000,0x00000000f2300000)
  from space 5120K, 99% used [0x00000000f2800000,0x00000000f2cfa298,0x00000000f2d00000)
  to   space 5120K, 0% used [0x00000000f2300000,0x00000000f2300000,0x00000000f2800000)
 ParOldGen       total 81920K, used 20035K [0x00000000c0000000, 0x00000000c5000000, 0x00000000eab00000)
  object space 81920K, 24% used [0x00000000c0000000,0x00000000c1390f30,0x00000000c5000000)
 Metaspace       used 5977K, capacity 6960K, committed 7040K, reserved 1056768K
  class space    used 593K, capacity 616K, committed 640K, reserved 1048576K
}
Event: 33.676 GC heap before
{Heap before GC invocations=5 (full 0):
 PSYoungGen      total 128000K, used 127976K [0x00000000eab00000, 0x00000000f2d00000, 0x0000000100000000)
  eden space 122880K, 100% used [0x00000000eab00000,0x00000000f2300000,0x00000000f2300000)
  from space 5120K, 99% used [0x00000000f2800000,0x00000000f2cfa298,0x00000000f2d00000)
  to   space 5120K, 0% used [0x00000000f2300000,0x00000000f2300000,0x00000000f2800000)
 ParOldGen       total 81920K, used 20035K [0x00000000c0000000, 0x00000000c5000000, 0x00000000eab00000)
  object space 81920K, 24% used [0x00000000c0000000,0x00000000c1390f30,0x00000000c5000000)
 Metaspace       used 6243K, capacity 7128K, committed 7424K, reserved 1056768K
  class space    used 613K, capacity 656K, committed 768K, reserved 1048576K

Deoptimization events (10 events):
Event: 1.228 Thread 0x00007f945013c000 Uncommon trap: reason=unstable_if action=reinterpret pc=0x00007f944128311c method=com.android.dx.rop.cst.Constant.compareTo(Lcom/android/dx/rop/cst/Constant;)I @ 12
Event: 1.391 Thread 0x00007f9450135000 Uncommon trap: reason=null_check action=make_not_entrant pc=0x00007f94412cbd54 method=com.android.dx.ssa.SsaRenamer.getLocalForNewReg(I)Lcom/android/dx/rop/code/LocalItem; @ 19
Event: 1.450 Thread 0x00007f945013a000 Uncommon trap: reason=unstable_if action=reinterpret pc=0x00007f94412c0e20 method=com.android.dx.rop.code.RegisterSpec.equals(ILcom/android/dx/rop/type/TypeBearer;Lcom/android/dx/rop/code/LocalItem;)Z @ 42
Event: 1.504 Thread 0x00007f9450139800 Uncommon trap: reason=bimorphic action=maybe_recompile pc=0x00007f9441240218 method=java.util.HashMap.getNode(ILjava/lang/Object;)Ljava/util/HashMap$Node; @ 126
Event: 1.505 Thread 0x00007f9450139800 Uncommon trap: reason=bimorphic action=maybe_recompile pc=0x00007f9441240218 method=java.util.HashMap.getNode(ILjava/lang/Object;)Ljava/util/HashMap$Node; @ 126
Event: 1.505 Thread 0x00007f9450139800 Uncommon trap: reason=bimorphic action=maybe_recompile pc=0x00007f9441240218 method=java.util.HashMap.getNode(ILjava/lang/Object;)Ljava/util/HashMap$Node; @ 126
Event: 1.505 Thread 0x00007f9450139800 Uncommon trap: reason=bimorphic action=maybe_recompile pc=0x00007f9441240218 method=java.util.HashMap.getNode(ILjava/lang/Object;)Ljava/util/HashMap$Node; @ 126
Event: 1.505 Thread 0x00007f9450139800 Uncommon trap: reason=bimorphic action=maybe_recompile pc=0x00007f94412ddd18 method=java.util.HashMap.getNode(ILjava/lang/Object;)Ljava/util/HashMap$Node; @ 126
Event: 33.479 Thread 0x00007f9450139800 Uncommon trap: reason=unstable_if action=reinterpret pc=0x00007f9441596ec8 method=java.util.HashMap.putVal(ILjava/lang/Object;Ljava/lang/Object;ZZ)Ljava/lang/Object; @ 94
Event: 33.513 Thread 0x00007f9450135000 Uncommon trap: reason=unstable_if action=reinterpret pc=0x00007f94412e0f0c method=java.util.HashMap.putVal(ILjava/lang/Object;Ljava/lang/Object;ZZ)Ljava/lang/Object; @ 162

Internal exceptions (6 events):
Event: 0.076 Thread 0x00007f9450008800 Exception <a 'java/lang/NoSuchMethodError': Method sun.misc.Unsafe.defineClass(Ljava/lang/String;[BII)Ljava/lang/Class; name or signature does not match> (0x00000000eab07cc0) thrown at [/HUDSON/workspace/8-2-build-linux-amd64/jdk8u92/6642/hotspot/src/shar
Event: 0.076 Thread 0x00007f9450008800 Exception <a 'java/lang/NoSuchMethodError': Method sun.misc.Unsafe.prefetchRead(Ljava/lang/Object;J)V name or signature does not match> (0x00000000eab07fa8) thrown at [/HUDSON/workspace/8-2-build-linux-amd64/jdk8u92/6642/hotspot/src/share/vm/prims/jni.cpp
Event: 1.357 Thread 0x00007f9450135000 Implicit null exception at 0x00007f94412c96e5 to 0x00007f94412cbd0d
Event: 33.534 Thread 0x00007f9450135000 Exception <a 'java/lang/ArrayIndexOutOfBoundsException': 18> (0x00000000f11369b8) thrown at [/HUDSON/workspace/8-2-build-linux-amd64/jdk8u92/6642/hotspot/src/share/vm/interpreter/interpreterRuntime.cpp, line 366]
Event: 33.534 Thread 0x00007f9450135000 Exception <a 'java/lang/ArrayIndexOutOfBoundsException': 145> (0x00000000f1138538) thrown at [/HUDSON/workspace/8-2-build-linux-amd64/jdk8u92/6642/hotspot/src/share/vm/interpreter/interpreterRuntime.cpp, line 366]
Event: 33.538 Thread 0x00007f9450135000 Exception <a 'java/lang/ArrayIndexOutOfBoundsException': 40> (0x00000000f1139820) thrown at [/HUDSON/workspace/8-2-build-linux-amd64/jdk8u92/6642/hotspot/src/share/vm/interpreter/interpreterRuntime.cpp, line 366]

Events (10 events):
Event: 33.543 Thread 0x00007f945013c000 DEOPT UNPACKING pc=0x00007f9441047633 sp=0x00007f943a79aa98 mode 0
Event: 33.556 Thread 0x00007f9450135000 DEOPT PACKING pc=0x00007f944139deec sp=0x00007f943ab9f130
Event: 33.556 Thread 0x00007f9450135000 DEOPT UNPACKING pc=0x00007f9441047633 sp=0x00007f943ab9ee30 mode 0
Event: 33.592 Thread 0x00007f9450139800 DEOPT PACKING pc=0x00007f9441285d28 sp=0x00007f943a99c680
Event: 33.592 Thread 0x00007f9450139800 DEOPT UNPACKING pc=0x00007f9441047633 sp=0x00007f943a99c3c0 mode 0
Event: 33.593 Thread 0x00007f9450139800 DEOPT PACKING pc=0x00007f9441468ac8 sp=0x00007f943a99d080
Event: 33.593 Thread 0x00007f9450139800 DEOPT UNPACKING pc=0x00007f9441047633 sp=0x00007f943a99ce30 mode 0
Event: 33.631 Thread 0x00007f9450139800 DEOPT PACKING pc=0x00007f94412c2aa6 sp=0x00007f943a99cd20
Event: 33.631 Thread 0x00007f9450139800 DEOPT UNPACKING pc=0x00007f9441047633 sp=0x00007f943a99ca88 mode 0
Event: 33.676 Executing VM operation: ParallelGCFailedAllocation


Dynamic libraries:
00400000-00401000 r-xp 00000000 fe:00 3680441                            /usr/lib/jvm/java-8-jdk/jre/bin/java
00600000-00601000 rw-p 00000000 fe:00 3680441                            /usr/lib/jvm/java-8-jdk/jre/bin/java
00b57000-00b78000 rw-p 00000000 00:00 0                                  [heap]
c0000000-c5000000 rw-p 00000000 00:00 0 
c5000000-eab00000 ---p 00000000 00:00 0 
eab00000-f2d00000 rw-p 00000000 00:00 0 
fce00000-100000000 ---p 00000000 00:00 0 
100000000-1000c0000 rw-p 00000000 00:00 0 
1000c0000-140000000 ---p 00000000 00:00 0 
7f93ec000000-7f93ec021000 rw-p 00000000 00:00 0 
7f93ec021000-7f93f0000000 ---p 00000000 00:00 0 
7f93f4000000-7f93f402f000 rw-p 00000000 00:00 0 
7f93f402f000-7f93f8000000 ---p 00000000 00:00 0 
7f93f8000000-7f93f803a000 rw-p 00000000 00:00 0 
7f93f803a000-7f93fc000000 ---p 00000000 00:00 0 
7f93fc000000-7f93fc04a000 rw-p 00000000 00:00 0 
7f93fc04a000-7f9400000000 ---p 00000000 00:00 0 
7f9400000000-7f9400021000 rw-p 00000000 00:00 0 
7f9400021000-7f9404000000 ---p 00000000 00:00 0 
7f9404000000-7f9404021000 rw-p 00000000 00:00 0 
7f9404021000-7f9408000000 ---p 00000000 00:00 0 
7f9408000000-7f9408021000 rw-p 00000000 00:00 0 
7f9408021000-7f940c000000 ---p 00000000 00:00 0 
7f940c000000-7f940c71d000 rw-p 00000000 00:00 0 
7f940c71d000-7f9410000000 ---p 00000000 00:00 0 
7f9410000000-7f94107ea000 rw-p 00000000 00:00 0 
7f94107ea000-7f9414000000 ---p 00000000 00:00 0 
7f9414000000-7f9414021000 rw-p 00000000 00:00 0 
7f9414021000-7f9418000000 ---p 00000000 00:00 0 
7f9418000000-7f94188e8000 rw-p 00000000 00:00 0 
7f94188e8000-7f941c000000 ---p 00000000 00:00 0 
7f941c000000-7f941c021000 rw-p 00000000 00:00 0 
7f941c021000-7f9420000000 ---p 00000000 00:00 0 
7f9420000000-7f9420021000 rw-p 00000000 00:00 0 
7f9420021000-7f9424000000 ---p 00000000 00:00 0 
7f9424000000-7f9424021000 rw-p 00000000 00:00 0 
7f9424021000-7f9428000000 ---p 00000000 00:00 0 
7f9428000000-7f942828e000 rw-p 00000000 00:00 0 
7f942828e000-7f942c000000 ---p 00000000 00:00 0 
7f942c000000-7f942c021000 rw-p 00000000 00:00 0 
7f942c021000-7f9430000000 ---p 00000000 00:00 0 
7f9434000000-7f9434021000 rw-p 00000000 00:00 0 
7f9434021000-7f9438000000 ---p 00000000 00:00 0 
7f943a69c000-7f943a69f000 ---p 00000000 00:00 0 
7f943a69f000-7f943a79d000 rw-p 00000000 00:00 0 
7f943a79d000-7f943a7a0000 ---p 00000000 00:00 0 
7f943a7a0000-7f943a89e000 rw-p 00000000 00:00 0 
7f943a89e000-7f943a8a1000 ---p 00000000 00:00 0 
7f943a8a1000-7f943a99f000 rw-p 00000000 00:00 0 
7f943a99f000-7f943a9a2000 ---p 00000000 00:00 0 
7f943a9a2000-7f943aaa0000 rw-p 00000000 00:00 0 
7f943aaa0000-7f943aaa3000 ---p 00000000 00:00 0 
7f943aaa3000-7f943aba1000 rw-p 00000000 00:00 0 
7f943aba1000-7f943abb8000 r--s 00101000 fe:00 8008144                    /home/oli/Workspace/Android/pOT-Droid/pOT-Droid3/build/intermediates/exploded-aar/com.android.support/support-v4/24.1.1/jars/classes.jar
7f943abb8000-7f943abb9000 ---p 00000000 00:00 0 
7f943abb9000-7f943acb9000 rw-p 00000000 00:00 0 
7f943acb9000-7f943acbc000 ---p 00000000 00:00 0 
7f943acbc000-7f943adba000 rw-p 00000000 00:00 0 
7f943adba000-7f943adbd000 ---p 00000000 00:00 0 
7f943adbd000-7f943aebb000 rw-p 00000000 00:00 0 
7f943aebb000-7f943aebe000 ---p 00000000 00:00 0 
7f943aebe000-7f943afbc000 rw-p 00000000 00:00 0 
7f943afbc000-7f943afbf000 ---p 00000000 00:00 0 
7f943afbf000-7f943b0bd000 rw-p 00000000 00:00 0 
7f943b0bd000-7f943b0c0000 ---p 00000000 00:00 0 
7f943b0c0000-7f943b1be000 rw-p 00000000 00:00 0 
7f943b1be000-7f943b4d4000 r--p 00000000 fe:00 3625618                    /usr/lib/locale/locale-archive
7f943b4d4000-7f943b4d7000 ---p 00000000 00:00 0 
7f943b4d7000-7f943b5d5000 rw-p 00000000 00:00 0 
7f943b5d5000-7f943b5d8000 ---p 00000000 00:00 0 
7f943b5d8000-7f943b6d6000 rw-p 00000000 00:00 0 
7f943b6d6000-7f943b6d7000 ---p 00000000 00:00 0 
7f943b6d7000-7f943c000000 rw-p 00000000 00:00 0 
7f943c000000-7f943c021000 rw-p 00000000 00:00 0 
7f943c021000-7f9440000000 ---p 00000000 00:00 0 
7f9440000000-7f9440627000 rw-p 00000000 00:00 0 
7f9440627000-7f9440800000 r--s 03d24000 fe:00 3680484                    /usr/lib/jvm/java-8-jdk/jre/lib/rt.jar
7f9440800000-7f9440e80000 rw-p 00000000 00:00 0 
7f9440e80000-7f9441000000 ---p 00000000 00:00 0 
7f9441000000-7f9441620000 rwxp 00000000 00:00 0 
7f9441620000-7f9450000000 ---p 00000000 00:00 0 
7f9450000000-7f945038f000 rw-p 00000000 00:00 0 
7f945038f000-7f9454000000 ---p 00000000 00:00 0 
7f9454002000-7f94563e9000 rw-p 00000000 00:00 0 
7f94563e9000-7f94563ea000 ---p 00000000 00:00 0 
7f94563ea000-7f94564ea000 rw-p 00000000 00:00 0 
7f94564ea000-7f94564eb000 ---p 00000000 00:00 0 
7f94564eb000-7f94565eb000 rw-p 00000000 00:00 0 
7f94565eb000-7f94565ec000 ---p 00000000 00:00 0 
7f94565ec000-7f94566ec000 rw-p 00000000 00:00 0 
7f94566ec000-7f94566ed000 ---p 00000000 00:00 0 
7f94566ed000-7f9456815000 rw-p 00000000 00:00 0 
7f9456815000-7f9456943000 ---p 00000000 00:00 0 
7f9456943000-7f945696b000 rw-p 00000000 00:00 0 
7f945696b000-7f9456a98000 ---p 00000000 00:00 0 
7f9456a98000-7f9456ada000 rw-p 00000000 00:00 0 
7f9456ada000-7f9456b43000 ---p 00000000 00:00 0 
7f9456b43000-7f9456b5d000 rw-p 00000000 00:00 0 
7f9456b5d000-7f9456f04000 ---p 00000000 00:00 0 
7f9456f04000-7f9456f1e000 r-xp 00000000 fe:00 3681056                    /usr/lib/jvm/java-8-jdk/jre/lib/amd64/libzip.so
7f9456f1e000-7f945711e000 ---p 0001a000 fe:00 3681056                    /usr/lib/jvm/java-8-jdk/jre/lib/amd64/libzip.so
7f945711e000-7f945711f000 rw-p 0001a000 fe:00 3681056                    /usr/lib/jvm/java-8-jdk/jre/lib/amd64/libzip.so
7f945711f000-7f945712a000 r-xp 00000000 fe:00 3542478                    /usr/lib/libnss_files-2.23.so
7f945712a000-7f9457329000 ---p 0000b000 fe:00 3542478                    /usr/lib/libnss_files-2.23.so
7f9457329000-7f945732a000 r--p 0000a000 fe:00 3542478                    /usr/lib/libnss_files-2.23.so
7f945732a000-7f945732b000 rw-p 0000b000 fe:00 3542478                    /usr/lib/libnss_files-2.23.so
7f945732b000-7f9457331000 rw-p 00000000 00:00 0 
7f9457331000-7f945735b000 r-xp 00000000 fe:00 3681062                    /usr/lib/jvm/java-8-jdk/jre/lib/amd64/libjava.so
7f945735b000-7f945755b000 ---p 0002a000 fe:00 3681062                    /usr/lib/jvm/java-8-jdk/jre/lib/amd64/libjava.so
7f945755b000-7f945755d000 rw-p 0002a000 fe:00 3681062                    /usr/lib/jvm/java-8-jdk/jre/lib/amd64/libjava.so
7f945755d000-7f945756a000 r-xp 00000000 fe:00 3681057                    /usr/lib/jvm/java-8-jdk/jre/lib/amd64/libverify.so
7f945756a000-7f945776a000 ---p 0000d000 fe:00 3681057                    /usr/lib/jvm/java-8-jdk/jre/lib/amd64/libverify.so
7f945776a000-7f945776c000 rw-p 0000d000 fe:00 3681057                    /usr/lib/jvm/java-8-jdk/jre/lib/amd64/libverify.so
7f945776c000-7f9457773000 r-xp 00000000 fe:00 3542486                    /usr/lib/librt-2.23.so
7f9457773000-7f9457972000 ---p 00007000 fe:00 3542486                    /usr/lib/librt-2.23.so
7f9457972000-7f9457973000 r--p 00006000 fe:00 3542486                    /usr/lib/librt-2.23.so
7f9457973000-7f9457974000 rw-p 00007000 fe:00 3542486                    /usr/lib/librt-2.23.so
7f9457974000-7f9457a77000 r-xp 00000000 fe:00 3542483                    /usr/lib/libm-2.23.so
7f9457a77000-7f9457c76000 ---p 00103000 fe:00 3542483                    /usr/lib/libm-2.23.so
7f9457c76000-7f9457c77000 r--p 00102000 fe:00 3542483                    /usr/lib/libm-2.23.so
7f9457c77000-7f9457c78000 rw-p 00103000 fe:00 3542483                    /usr/lib/libm-2.23.so
7f9457c78000-7f945893b000 r-xp 00000000 fe:00 3681100                    /usr/lib/jvm/java-8-jdk/jre/lib/amd64/server/libjvm.so
7f945893b000-7f9458b3a000 ---p 00cc3000 fe:00 3681100                    /usr/lib/jvm/java-8-jdk/jre/lib/amd64/server/libjvm.so
7f9458b3a000-7f9458c13000 rw-p 00cc2000 fe:00 3681100                    /usr/lib/jvm/java-8-jdk/jre/lib/amd64/server/libjvm.so
7f9458c13000-7f9458c5e000 rw-p 00000000 00:00 0 
7f9458c5e000-7f9458df5000 r-xp 00000000 fe:00 3542391                    /usr/lib/libc-2.23.so
7f9458df5000-7f9458ff5000 ---p 00197000 fe:00 3542391                    /usr/lib/libc-2.23.so
7f9458ff5000-7f9458ff9000 r--p 00197000 fe:00 3542391                    /usr/lib/libc-2.23.so
7f9458ff9000-7f9458ffb000 rw-p 0019b000 fe:00 3542391                    /usr/lib/libc-2.23.so
7f9458ffb000-7f9458fff000 rw-p 00000000 00:00 0 
7f9458fff000-7f9459001000 r-xp 00000000 fe:00 3542482                    /usr/lib/libdl-2.23.so
7f9459001000-7f9459201000 ---p 00002000 fe:00 3542482                    /usr/lib/libdl-2.23.so
7f9459201000-7f9459202000 r--p 00002000 fe:00 3542482                    /usr/lib/libdl-2.23.so
7f9459202000-7f9459203000 rw-p 00003000 fe:00 3542482                    /usr/lib/libdl-2.23.so
7f9459203000-7f9459218000 r-xp 00000000 fe:00 3681099                    /usr/lib/jvm/java-8-jdk/jre/lib/amd64/jli/libjli.so
7f9459218000-7f9459418000 ---p 00015000 fe:00 3681099                    /usr/lib/jvm/java-8-jdk/jre/lib/amd64/jli/libjli.so
7f9459418000-7f9459419000 rw-p 00015000 fe:00 3681099                    /usr/lib/jvm/java-8-jdk/jre/lib/amd64/jli/libjli.so
7f9459419000-7f9459431000 r-xp 00000000 fe:00 3542198                    /usr/lib/libpthread-2.23.so
7f9459431000-7f9459630000 ---p 00018000 fe:00 3542198                    /usr/lib/libpthread-2.23.so
7f9459630000-7f9459631000 r--p 00017000 fe:00 3542198                    /usr/lib/libpthread-2.23.so
7f9459631000-7f9459632000 rw-p 00018000 fe:00 3542198                    /usr/lib/libpthread-2.23.so
7f9459632000-7f9459636000 rw-p 00000000 00:00 0 
7f9459636000-7f9459659000 r-xp 00000000 fe:00 3542389                    /usr/lib/ld-2.23.so
7f9459660000-7f945966e000 r--s 000e0000 fe:00 7475055                    /opt/android-sdk/build-tools/24.0.1/lib/dx.jar
7f945966e000-7f9459712000 rw-p 00000000 00:00 0 
7f9459712000-7f9459715000 ---p 00000000 00:00 0 
7f9459715000-7f9459817000 rw-p 00000000 00:00 0 
7f9459819000-7f945984e000 rw-p 00000000 00:00 0 
7f945984e000-7f9459856000 rw-s 00000000 00:22 301096                     /tmp/hsperfdata_oli/5749
7f9459856000-7f9459857000 rw-p 00000000 00:00 0 
7f9459857000-7f9459858000 ---p 00000000 00:00 0 
7f9459858000-7f9459859000 rw-p 00000000 00:00 0 
7f9459859000-7f945985a000 r--p 00023000 fe:00 3542389                    /usr/lib/ld-2.23.so
7f945985a000-7f945985b000 rw-p 00024000 fe:00 3542389                    /usr/lib/ld-2.23.so
7f945985b000-7f945985c000 rw-p 00000000 00:00 0 
7ffc0ae19000-7ffc0ae3a000 rw-p 00000000 00:00 0                          [stack]
7ffc0af8e000-7ffc0af91000 r--p 00000000 00:00 0                          [vvar]
7ffc0af91000-7ffc0af93000 r-xp 00000000 00:00 0                          [vdso]
ffffffffff600000-ffffffffff601000 r-xp 00000000 00:00 0                  [vsyscall]

VM Arguments:
jvm_args: -Djava.awt.headless=true -Xmx1024M -Dfile.encoding=UTF-8 -Duser.country=US -Duser.language=en -Duser.variant 
java_command: com.android.dx.command.Main --dex --force-jumbo --num-threads=4 --multi-dex --output /home/oli/Workspace/Android/pOT-Droid/pOT-Droid3/build/intermediates/transforms/dex/debug/folders/1000/10/com.android.support-support-v4-24.1.1_eade490c6b9a8a6d82d60eebdb34972baf09f1e0 /home/oli/Workspace/Android/pOT-Droid/pOT-Droid3/build/intermediates/exploded-aar/com.android.support/support-v4/24.1.1/jars/classes.jar
java_class_path (initial): /opt/android-sdk/build-tools/24.0.1/lib/dx.jar
Launcher Type: SUN_STANDARD

Environment Variables:
PATH=/usr/local/sbin:/usr/local/bin:/usr/bin:/opt/android-sdk/platform-tools:/usr/lib/jvm/default/bin:/usr/bin/site_perl:/usr/bin/vendor_perl:/usr/bin/core_perl:/home/oli/.scripts
LD_LIBRARY_PATH=/opt/android-studio/bin:
SHELL=/usr/bin/zsh
DISPLAY=:0

Signal Handlers:
SIGSEGV: [libjvm.so+0xabdee0], sa_mask[0]=11111111011111111101111111111110, sa_flags=SA_RESTART|SA_SIGINFO
SIGBUS: [libjvm.so+0xabdee0], sa_mask[0]=11111111011111111101111111111110, sa_flags=SA_RESTART|SA_SIGINFO
SIGFPE: [libjvm.so+0x91a580], sa_mask[0]=11111111011111111101111111111110, sa_flags=SA_RESTART|SA_SIGINFO
SIGPIPE: [libjvm.so+0x91a580], sa_mask[0]=11111111011111111101111111111110, sa_flags=SA_RESTART|SA_SIGINFO
SIGXFSZ: [libjvm.so+0x91a580], sa_mask[0]=11111111011111111101111111111110, sa_flags=SA_RESTART|SA_SIGINFO
SIGILL: [libjvm.so+0x91a580], sa_mask[0]=11111111011111111101111111111110, sa_flags=SA_RESTART|SA_SIGINFO
SIGUSR1: SIG_DFL, sa_mask[0]=00000000000000000000000000000000, sa_flags=none
SIGUSR2: [libjvm.so+0x91bbb0], sa_mask[0]=00100000000000000000000000000000, sa_flags=SA_RESTART|SA_SIGINFO
SIGHUP: [libjvm.so+0x91cfb0], sa_mask[0]=11111111011111111101111111111110, sa_flags=SA_RESTART|SA_SIGINFO
SIGINT: [libjvm.so+0x91cfb0], sa_mask[0]=11111111011111111101111111111110, sa_flags=SA_RESTART|SA_SIGINFO
SIGTERM: [libjvm.so+0x91cfb0], sa_mask[0]=11111111011111111101111111111110, sa_flags=SA_RESTART|SA_SIGINFO
SIGQUIT: [libjvm.so+0x91cfb0], sa_mask[0]=11111111011111111101111111111110, sa_flags=SA_RESTART|SA_SIGINFO


---------------  S Y S T E M  ---------------

OS:NAME="Arch Linux"
ID=arch
PRETTY_NAME="Arch Linux"
ANSI_COLOR="0;36"
HOME_URL="https://www.archlinux.org/"
SUPPORT_URL="https://bbs.archlinux.org/"
BUG_REPORT_URL="https://bugs.archlinux.org/"


uname:Linux 4.6.5-1-ARCH #1 SMP PREEMPT Thu Jul 28 08:30:15 CEST 2016 x86_64
libc:glibc 2.23 NPTL 2.23 
rlimit: STACK 8192k, CORE infinity, NPROC 30545, NOFILE 4096, AS infinity
load average:20.46 5.39 2.00

/proc/meminfo:
MemTotal:        7833484 kB
MemFree:          144032 kB
MemAvailable:      81304 kB
Buffers:            4968 kB
Cached:          4214808 kB
SwapCached:            0 kB
Active:          3783348 kB
Inactive:        3736336 kB
Active(anon):    3716600 kB
Inactive(anon):  3697696 kB
Active(file):      66748 kB
Inactive(file):    38640 kB
Unevictable:           0 kB
Mlocked:               0 kB
SwapTotal:             0 kB
SwapFree:              0 kB
Dirty:               732 kB
Writeback:             0 kB
AnonPages:       3300024 kB
Mapped:           126556 kB
Shmem:           4113812 kB
Slab:              68848 kB
SReclaimable:      39096 kB
SUnreclaim:        29752 kB
KernelStack:        9152 kB
PageTables:        24580 kB
NFS_Unstable:          0 kB
Bounce:                0 kB
WritebackTmp:          0 kB
CommitLimit:     3916740 kB
Committed_AS:   10499472 kB
VmallocTotal:   34359738367 kB
VmallocUsed:           0 kB
VmallocChunk:          0 kB
HardwareCorrupted:     0 kB
AnonHugePages:    948224 kB
HugePages_Total:       0
HugePages_Free:        0
HugePages_Rsvd:        0
HugePages_Surp:        0
Hugepagesize:       2048 kB
DirectMap4k:      128332 kB
DirectMap2M:     3715072 kB
DirectMap1G:     5242880 kB


CPU:total 4 (4 cores per cpu, 1 threads per core) family 6 model 60 stepping 3, cmov, cx8, fxsr, mmx, sse, sse2, sse3, ssse3, sse4.1, sse4.2, popcnt, avx, avx2, aes, clmul, erms, lzcnt, tsc, tscinvbit, bmi1, bmi2

/proc/cpuinfo:
processor	: 0
vendor_id	: GenuineIntel
cpu family	: 6
model		: 60
model name	: Intel(R) Core(TM) i5-4570 CPU @ 3.20GHz
stepping	: 3
microcode	: 0x20
cpu MHz		: 3400.000
cache size	: 6144 KB
physical id	: 0
siblings	: 4
core id		: 0
cpu cores	: 4
apicid		: 0
initial apicid	: 0
fpu		: yes
fpu_exception	: yes
cpuid level	: 13
wp		: yes
flags		: fpu vme de pse tsc msr pae mce cx8 apic sep mtrr pge mca cmov pat pse36 clflush dts acpi mmx fxsr sse sse2 ss ht tm pbe syscall nx pdpe1gb rdtscp lm constant_tsc arch_perfmon pebs bts rep_good nopl xtopology nonstop_tsc aperfmperf eagerfpu pni pclmulqdq dtes64 monitor ds_cpl vmx smx est tm2 ssse3 sdbg fma cx16 xtpr pdcm pcid sse4_1 sse4_2 x2apic movbe popcnt tsc_deadline_timer aes xsave avx f16c rdrand lahf_lm abm epb tpr_shadow vnmi flexpriority ept vpid fsgsbase tsc_adjust bmi1 avx2 smep bmi2 erms invpcid xsaveopt dtherm ida arat pln pts
bugs		:
bogomips	: 6388.93
clflush size	: 64
cache_alignment	: 64
address sizes	: 39 bits physical, 48 bits virtual
power management:

processor	: 1
vendor_id	: GenuineIntel
cpu family	: 6
model		: 60
model name	: Intel(R) Core(TM) i5-4570 CPU @ 3.20GHz
stepping	: 3
microcode	: 0x20
cpu MHz		: 3400.000
cache size	: 6144 KB
physical id	: 0
siblings	: 4
core id		: 1
cpu cores	: 4
apicid		: 2
initial apicid	: 2
fpu		: yes
fpu_exception	: yes
cpuid level	: 13
wp		: yes
flags		: fpu vme de pse tsc msr pae mce cx8 apic sep mtrr pge mca cmov pat pse36 clflush dts acpi mmx fxsr sse sse2 ss ht tm pbe syscall nx pdpe1gb rdtscp lm constant_tsc arch_perfmon pebs bts rep_good nopl xtopology nonstop_tsc aperfmperf eagerfpu pni pclmulqdq dtes64 monitor ds_cpl vmx smx est tm2 ssse3 sdbg fma cx16 xtpr pdcm pcid sse4_1 sse4_2 x2apic movbe popcnt tsc_deadline_timer aes xsave avx f16c rdrand lahf_lm abm epb tpr_shadow vnmi flexpriority ept vpid fsgsbase tsc_adjust bmi1 avx2 smep bmi2 erms invpcid xsaveopt dtherm ida arat pln pts
bugs		:
bogomips	: 6389.09
clflush size	: 64
cache_alignment	: 64
address sizes	: 39 bits physical, 48 bits virtual
power management:

processor	: 2
vendor_id	: GenuineIntel
cpu family	: 6
model		: 60
model name	: Intel(R) Core(TM) i5-4570 CPU @ 3.20GHz
stepping	: 3
microcode	: 0x20
cpu MHz		: 3399.875
cache size	: 6144 KB
physical id	: 0
siblings	: 4
core id		: 2
cpu cores	: 4
apicid		: 4
initial apicid	: 4
fpu		: yes
fpu_exception	: yes
cpuid level	: 13
wp		: yes
flags		: fpu vme de pse tsc msr pae mce cx8 apic sep mtrr pge mca cmov pat pse36 clflush dts acpi mmx fxsr sse sse2 ss ht tm pbe syscall nx pdpe1gb rdtscp lm constant_tsc arch_perfmon pebs bts rep_good nopl xtopology nonstop_tsc aperfmperf eagerfpu pni pclmulqdq dtes64 monitor ds_cpl vmx smx est tm2 ssse3 sdbg fma cx16 xtpr pdcm pcid sse4_1 sse4_2 x2apic movbe popcnt tsc_deadline_timer aes xsave avx f16c rdrand lahf_lm abm epb tpr_shadow vnmi flexpriority ept vpid fsgsbase tsc_adjust bmi1 avx2 smep bmi2 erms invpcid xsaveopt dtherm ida arat pln pts
bugs		:
bogomips	: 6389.21
clflush size	: 64
cache_alignment	: 64
address sizes	: 39 bits physical, 48 bits virtual
power management:

processor	: 3
vendor_id	: GenuineIntel
cpu family	: 6
model		: 60
model name	: Intel(R) Core(TM) i5-4570 CPU @ 3.20GHz
stepping	: 3
microcode	: 0x20
cpu MHz		: 3400.000
cache size	: 6144 KB
physical id	: 0
siblings	: 4
core id		: 3
cpu cores	: 4
apicid		: 6
initial apicid	: 6
fpu		: yes
fpu_exception	: yes
cpuid level	: 13
wp		: yes
flags		: fpu vme de pse tsc msr pae mce cx8 apic sep mtrr pge mca cmov pat pse36 clflush dts acpi mmx fxsr sse sse2 ss ht tm pbe syscall nx pdpe1gb rdtscp lm constant_tsc arch_perfmon pebs bts rep_good nopl xtopology nonstop_tsc aperfmperf eagerfpu pni pclmulqdq dtes64 monitor ds_cpl vmx smx est tm2 ssse3 sdbg fma cx16 xtpr pdcm pcid sse4_1 sse4_2 x2apic movbe popcnt tsc_deadline_timer aes xsave avx f16c rdrand lahf_lm abm epb tpr_shadow vnmi flexpriority ept vpid fsgsbase tsc_adjust bmi1 avx2 smep bmi2 erms invpcid xsaveopt dtherm ida arat pln pts
bugs		:
bogomips	: 6389.23
clflush size	: 64
cache_alignment	: 64
address sizes	: 39 bits physical, 48 bits virtual
power management:



Memory: 4k page, physical 7833484k(144032k free), swap 0k(0k free)

vm_info: Java HotSpot(TM) 64-Bit Server VM (25.92-b14) for linux-amd64 JRE (1.8.0_92-b14), built on Mar 31 2016 21:08:29 by "java_re" with gcc 4.3.0 20080428 (Red Hat 4.3.0-8)

time: Fri Aug 19 17:57:25 2016
elapsed time: 33 seconds (0d 0h 0m 33s)

